Info 0    [8:39:50.291] Format host information updated
Info 1    [8:39:50.292] reload projects.
Info 2    [8:39:50.292] Before ensureProjectForOpenFiles:
Info 3    [8:39:50.292] After ensureProjectForOpenFiles:
Info 4    [8:39:50.292] Host file extension mappings updated
Info 5    [8:39:50.311] Search path: /home/trungtin/Coding/angular-film/src/app/header
Info 6    [8:39:50.313] For info: /home/trungtin/Coding/angular-film/src/app/header/header.component.html :: Config file name: /home/trungtin/Coding/angular-film/tsconfig.json
Info 7    [8:39:50.314] Opened configuration file /home/trungtin/Coding/angular-film/tsconfig.json
Info 8    [8:39:50.343] Config: /home/trungtin/Coding/angular-film/tsconfig.json : {
 "rootNames": [
  "/home/trungtin/Coding/angular-film/e2e/src/app.e2e-spec.ts",
  "/home/trungtin/Coding/angular-film/e2e/src/app.po.ts",
  "/home/trungtin/Coding/angular-film/src/main.ts",
  "/home/trungtin/Coding/angular-film/src/polyfills.ts",
  "/home/trungtin/Coding/angular-film/src/test.ts",
  "/home/trungtin/Coding/angular-film/src/app/app.component.spec.ts",
  "/home/trungtin/Coding/angular-film/src/app/app.component.ts",
  "/home/trungtin/Coding/angular-film/src/app/app.module.ts",
  "/home/trungtin/Coding/angular-film/src/app/footer/footer.component.spec.ts",
  "/home/trungtin/Coding/angular-film/src/app/footer/footer.component.ts",
  "/home/trungtin/Coding/angular-film/src/app/header/header.component.spec.ts",
  "/home/trungtin/Coding/angular-film/src/app/header/header.component.ts",
  "/home/trungtin/Coding/angular-film/src/app/movie-item/movie-item.component.spec.ts",
  "/home/trungtin/Coding/angular-film/src/app/movie-item/movie-item.component.ts",
  "/home/trungtin/Coding/angular-film/src/app/new-films/new-films.component.spec.ts",
  "/home/trungtin/Coding/angular-film/src/app/new-films/new-films.component.ts",
  "/home/trungtin/Coding/angular-film/src/environments/environment.prod.ts",
  "/home/trungtin/Coding/angular-film/src/environments/environment.ts"
 ],
 "options": {
  "baseUrl": "/home/trungtin/Coding/angular-film",
  "outDir": "/home/trungtin/Coding/angular-film/dist/out-tsc",
  "sourceMap": true,
  "declaration": false,
  "downlevelIteration": true,
  "experimentalDecorators": true,
  "moduleResolution": 2,
  "importHelpers": true,
  "target": 2,
  "module": 6,
  "lib": [
   "lib.es2018.d.ts",
   "lib.dom.d.ts"
  ],
  "configFilePath": "/home/trungtin/Coding/angular-film/tsconfig.json"
 }
}
Info 9    [8:39:52.69] Loading global plugin @angular/language-service
Info 10   [8:39:52.69] Enabling plugin @angular/language-service from candidate paths: /home/trungtin/.vscode-oss/extensions/angular.ng-template-0.1001.0/server/node_modules/@angular/language-service/bundles/language-service.js,/home/trungtin/.vscode-oss/extensions/angular.ng-template-0.1001.0/node_modules/typescript/lib/tsserverlibrary.js/../../..
Info 11   [8:39:52.70] Loading @angular/language-service from /home/trungtin/.vscode-oss/extensions/angular.ng-template-0.1001.0/server/node_modules/@angular/language-service/bundles/language-service.js (resolved to /home/trungtin/.vscode-oss/extensions/angular.ng-template-0.1001.0/server/node_modules/@angular/language-service/bundles/language-service.js/node_modules)
Info 12   [8:39:52.138] Plugin validation succeded
Info 13   [8:39:52.174] Starting updateGraphWorker: Project: /home/trungtin/Coding/angular-film/tsconfig.json
Info 14   [8:39:55.313] Finishing updateGraphWorker: Project: /home/trungtin/Coding/angular-film/tsconfig.json Version: 1 structureChanged: true Elapsed: 3139ms
Info 15   [8:39:55.314] Project '/home/trungtin/Coding/angular-film/tsconfig.json' (Configured)
Info 16   [8:39:55.314] 	Files (310)

Info 17   [8:39:55.314] -----------------------------------------------
Info 18   [8:39:55.333] Starting updateGraphWorker: Project: /dev/null/autoImportProviderProject1*
Info 19   [8:39:55.720] Finishing updateGraphWorker: Project: /dev/null/autoImportProviderProject1* Version: 1 structureChanged: true Elapsed: 387ms
Info 20   [8:39:55.720] Project '/dev/null/autoImportProviderProject1*' (AutoImportProvider)
Info 21   [8:39:55.720] 	Files (71)

Info 22   [8:39:55.720] -----------------------------------------------
Info 23   [8:39:55.721] Starting updateGraphWorker: Project: /home/trungtin/Coding/angular-film/tsconfig.json
Info 24   [8:39:55.723] Finishing updateGraphWorker: Project: /home/trungtin/Coding/angular-film/tsconfig.json Version: 2 structureChanged: false Elapsed: 2ms
Info 25   [8:40:27.57] Search path: /home/trungtin/Coding/angular-film/src
Info 26   [8:40:27.58] For info: /home/trungtin/Coding/angular-film/src/index.html :: Config file name: /home/trungtin/Coding/angular-film/tsconfig.json
Info 27   [8:40:27.59] Loading global plugin @angular/language-service
Info 28   [8:40:27.59] Enabling plugin @angular/language-service from candidate paths: /home/trungtin/.vscode-oss/extensions/angular.ng-template-0.1001.0/server/node_modules/@angular/language-service/bundles/language-service.js,/home/trungtin/.vscode-oss/extensions/angular.ng-template-0.1001.0/node_modules/typescript/lib/tsserverlibrary.js/../../..
Info 29   [8:40:27.59] Loading @angular/language-service from /home/trungtin/.vscode-oss/extensions/angular.ng-template-0.1001.0/server/node_modules/@angular/language-service/bundles/language-service.js (resolved to /home/trungtin/.vscode-oss/extensions/angular.ng-template-0.1001.0/server/node_modules/@angular/language-service/bundles/language-service.js/node_modules)
Info 30   [8:40:27.109] Plugin validation succeded
Info 31   [8:40:27.111] Starting updateGraphWorker: Project: /dev/null/inferredProject1*
Info 32   [8:40:28.160] Finishing updateGraphWorker: Project: /dev/null/inferredProject1* Version: 1 structureChanged: true Elapsed: 1048ms
Info 33   [8:40:28.160] Project '/dev/null/inferredProject1*' (Inferred)
Info 34   [8:40:28.160] 	Files (95)

Info 35   [8:40:28.160] -----------------------------------------------
Info 36   [8:40:50.434] Search path: /home/trungtin/Coding/angular-film/src
Info 37   [8:40:50.435] For info: /home/trungtin/Coding/angular-film/src/index.html :: Config file name: /home/trungtin/Coding/angular-film/tsconfig.json
Info 38   [8:40:50.437] Starting updateGraphWorker: Project: /dev/null/inferredProject1*
Info 39   [8:40:50.438] Finishing updateGraphWorker: Project: /dev/null/inferredProject1* Version: 2 structureChanged: false Elapsed: 1ms
Info 40   [8:40:50.438] Project '/dev/null/inferredProject1*' (Inferred)
Info 41   [8:40:50.438] 	Files (95)

Info 42   [8:40:50.438] -----------------------------------------------
Info 43   [8:49:50.410] Search path: /home/trungtin/Coding/angular-film/src/app
Info 44   [8:49:50.410] For info: /home/trungtin/Coding/angular-film/src/app/app.component.html :: Config file name: /home/trungtin/Coding/angular-film/tsconfig.json
Info 45   [8:49:50.411] Starting updateGraphWorker: Project: /home/trungtin/Coding/angular-film/tsconfig.json
Info 46   [8:49:50.414] Finishing updateGraphWorker: Project: /home/trungtin/Coding/angular-film/tsconfig.json Version: 3 structureChanged: false Elapsed: 3ms
Info 47   [8:49:50.414] `remove Project::
Info 48   [8:49:50.414] Project '/dev/null/inferredProject1*' (Inferred)
Info 49   [8:49:50.414] 	Files (95)

Info 50   [8:49:50.414] -----------------------------------------------
Info 51   [8:49:57.916] Search path: /home/trungtin/Coding/angular-film/src/app
Info 52   [8:49:57.916] For info: /home/trungtin/Coding/angular-film/src/app/app.component.html :: Config file name: /home/trungtin/Coding/angular-film/tsconfig.json
Info 53   [8:51:1.599] Starting updateGraphWorker: Project: /home/trungtin/Coding/angular-film/tsconfig.json
Info 54   [8:51:1.607] Finishing updateGraphWorker: Project: /home/trungtin/Coding/angular-film/tsconfig.json Version: 4 structureChanged: false Elapsed: 8ms
Info 55   [8:51:2.280] Starting updateGraphWorker: Project: /home/trungtin/Coding/angular-film/tsconfig.json
Info 56   [8:51:2.286] Finishing updateGraphWorker: Project: /home/trungtin/Coding/angular-film/tsconfig.json Version: 5 structureChanged: false Elapsed: 6ms
Info 57   [8:51:12.526] Starting updateGraphWorker: Project: /home/trungtin/Coding/angular-film/tsconfig.json
Info 58   [8:51:12.532] Finishing updateGraphWorker: Project: /home/trungtin/Coding/angular-film/tsconfig.json Version: 6 structureChanged: false Elapsed: 6ms
Info 59   [8:51:13.980] Starting updateGraphWorker: Project: /home/trungtin/Coding/angular-film/tsconfig.json
Info 60   [8:51:13.987] Finishing updateGraphWorker: Project: /home/trungtin/Coding/angular-film/tsconfig.json Version: 7 structureChanged: false Elapsed: 7ms
Info 61   [8:51:18.160] Starting updateGraphWorker: Project: /home/trungtin/Coding/angular-film/tsconfig.json
Info 62   [8:51:18.166] Finishing updateGraphWorker: Project: /home/trungtin/Coding/angular-film/tsconfig.json Version: 8 structureChanged: false Elapsed: 6ms
Info 63   [8:53:1.989] Starting updateGraphWorker: Project: /home/trungtin/Coding/angular-film/tsconfig.json
Info 64   [8:53:1.997] Finishing updateGraphWorker: Project: /home/trungtin/Coding/angular-film/tsconfig.json Version: 9 structureChanged: false Elapsed: 7ms
Info 65   [8:53:2.27] Starting updateGraphWorker: Project: /home/trungtin/Coding/angular-film/tsconfig.json
Info 66   [8:53:2.31] Finishing updateGraphWorker: Project: /home/trungtin/Coding/angular-film/tsconfig.json Version: 10 structureChanged: false Elapsed: 4ms
Info 67   [8:53:2.560] Starting updateGraphWorker: Project: /home/trungtin/Coding/angular-film/tsconfig.json
Info 68   [8:53:2.565] Finishing updateGraphWorker: Project: /home/trungtin/Coding/angular-film/tsconfig.json Version: 11 structureChanged: false Elapsed: 4ms
Info 69   [8:53:2.710] Starting updateGraphWorker: Project: /home/trungtin/Coding/angular-film/tsconfig.json
Info 70   [8:53:2.716] Finishing updateGraphWorker: Project: /home/trungtin/Coding/angular-film/tsconfig.json Version: 12 structureChanged: false Elapsed: 6ms
Info 71   [8:53:2.967] Starting updateGraphWorker: Project: /home/trungtin/Coding/angular-film/tsconfig.json
Info 72   [8:53:2.970] Finishing updateGraphWorker: Project: /home/trungtin/Coding/angular-film/tsconfig.json Version: 13 structureChanged: false Elapsed: 3ms
Info 73   [8:53:3.111] Starting updateGraphWorker: Project: /home/trungtin/Coding/angular-film/tsconfig.json
Info 74   [8:53:3.119] Finishing updateGraphWorker: Project: /home/trungtin/Coding/angular-film/tsconfig.json Version: 14 structureChanged: false Elapsed: 8ms
Info 75   [8:53:3.642] Starting updateGraphWorker: Project: /home/trungtin/Coding/angular-film/tsconfig.json
Info 76   [8:53:3.646] Finishing updateGraphWorker: Project: /home/trungtin/Coding/angular-film/tsconfig.json Version: 15 structureChanged: false Elapsed: 4ms
Info 77   [8:55:31.520] Starting updateGraphWorker: Project: /home/trungtin/Coding/angular-film/tsconfig.json
Info 78   [8:55:31.525] Finishing updateGraphWorker: Project: /home/trungtin/Coding/angular-film/tsconfig.json Version: 16 structureChanged: false Elapsed: 5ms
Info 79   [8:55:55.216] Starting updateGraphWorker: Project: /home/trungtin/Coding/angular-film/tsconfig.json
Info 80   [8:55:55.221] Finishing updateGraphWorker: Project: /home/trungtin/Coding/angular-film/tsconfig.json Version: 17 structureChanged: false Elapsed: 5ms
Info 81   [8:55:55.502] Starting updateGraphWorker: Project: /home/trungtin/Coding/angular-film/tsconfig.json
Info 82   [8:55:55.509] Finishing updateGraphWorker: Project: /home/trungtin/Coding/angular-film/tsconfig.json Version: 18 structureChanged: false Elapsed: 7ms
Info 83   [8:55:56.444] Starting updateGraphWorker: Project: /home/trungtin/Coding/angular-film/tsconfig.json
Info 84   [8:55:56.450] Finishing updateGraphWorker: Project: /home/trungtin/Coding/angular-film/tsconfig.json Version: 19 structureChanged: false Elapsed: 6ms
Info 85   [8:55:56.667] Starting updateGraphWorker: Project: /home/trungtin/Coding/angular-film/tsconfig.json
Info 86   [8:55:56.672] Finishing updateGraphWorker: Project: /home/trungtin/Coding/angular-film/tsconfig.json Version: 20 structureChanged: false Elapsed: 5ms
Info 87   [8:55:57.774] Starting updateGraphWorker: Project: /home/trungtin/Coding/angular-film/tsconfig.json
Info 88   [8:55:57.778] Finishing updateGraphWorker: Project: /home/trungtin/Coding/angular-film/tsconfig.json Version: 21 structureChanged: false Elapsed: 4ms
Info 89   [8:55:59.995] Starting updateGraphWorker: Project: /home/trungtin/Coding/angular-film/tsconfig.json
Info 90   [8:56:0.0] Finishing updateGraphWorker: Project: /home/trungtin/Coding/angular-film/tsconfig.json Version: 22 structureChanged: false Elapsed: 5ms
Info 91   [8:56:0.315] Starting updateGraphWorker: Project: /home/trungtin/Coding/angular-film/tsconfig.json
Info 92   [8:56:0.327] Finishing updateGraphWorker: Project: /home/trungtin/Coding/angular-film/tsconfig.json Version: 23 structureChanged: false Elapsed: 12ms
Info 93   [8:56:0.546] Starting updateGraphWorker: Project: /home/trungtin/Coding/angular-film/tsconfig.json
Info 94   [8:56:0.551] Finishing updateGraphWorker: Project: /home/trungtin/Coding/angular-film/tsconfig.json Version: 24 structureChanged: false Elapsed: 4ms
Info 95   [8:58:27.413] Starting updateGraphWorker: Project: /home/trungtin/Coding/angular-film/tsconfig.json
Info 96   [8:58:27.418] Finishing updateGraphWorker: Project: /home/trungtin/Coding/angular-film/tsconfig.json Version: 25 structureChanged: false Elapsed: 5ms
Info 97   [8:58:29.105] Starting updateGraphWorker: Project: /home/trungtin/Coding/angular-film/tsconfig.json
Info 98   [8:58:29.111] Finishing updateGraphWorker: Project: /home/trungtin/Coding/angular-film/tsconfig.json Version: 26 structureChanged: false Elapsed: 6ms
Info 99   [8:58:34.203] Starting updateGraphWorker: Project: /home/trungtin/Coding/angular-film/tsconfig.json
Info 100  [8:58:34.210] Finishing updateGraphWorker: Project: /home/trungtin/Coding/angular-film/tsconfig.json Version: 27 structureChanged: false Elapsed: 7ms
Info 101  [8:58:35.985] Starting updateGraphWorker: Project: /home/trungtin/Coding/angular-film/tsconfig.json
Info 102  [8:58:35.990] Finishing updateGraphWorker: Project: /home/trungtin/Coding/angular-film/tsconfig.json Version: 28 structureChanged: false Elapsed: 5ms
Info 103  [8:58:38.790] Starting updateGraphWorker: Project: /home/trungtin/Coding/angular-film/tsconfig.json
Info 104  [8:58:38.796] Finishing updateGraphWorker: Project: /home/trungtin/Coding/angular-film/tsconfig.json Version: 29 structureChanged: false Elapsed: 6ms
Info 105  [8:58:41.533] Starting updateGraphWorker: Project: /home/trungtin/Coding/angular-film/tsconfig.json
Info 106  [8:58:41.535] Finishing updateGraphWorker: Project: /home/trungtin/Coding/angular-film/tsconfig.json Version: 30 structureChanged: false Elapsed: 2ms
Info 107  [8:58:42.2] Starting updateGraphWorker: Project: /home/trungtin/Coding/angular-film/tsconfig.json
Info 108  [8:58:42.8] Finishing updateGraphWorker: Project: /home/trungtin/Coding/angular-film/tsconfig.json Version: 31 structureChanged: false Elapsed: 6ms
Info 109  [8:58:42.808] Starting updateGraphWorker: Project: /home/trungtin/Coding/angular-film/tsconfig.json
Info 110  [8:58:42.813] Finishing updateGraphWorker: Project: /home/trungtin/Coding/angular-film/tsconfig.json Version: 32 structureChanged: false Elapsed: 5ms
Info 111  [8:58:43.293] Starting updateGraphWorker: Project: /home/trungtin/Coding/angular-film/tsconfig.json
Info 112  [8:58:43.295] Finishing updateGraphWorker: Project: /home/trungtin/Coding/angular-film/tsconfig.json Version: 33 structureChanged: false Elapsed: 2ms
Info 113  [8:58:43.510] Starting updateGraphWorker: Project: /home/trungtin/Coding/angular-film/tsconfig.json
Info 114  [8:58:43.513] Finishing updateGraphWorker: Project: /home/trungtin/Coding/angular-film/tsconfig.json Version: 34 structureChanged: false Elapsed: 3ms
Info 115  [8:58:43.667] Starting updateGraphWorker: Project: /home/trungtin/Coding/angular-film/tsconfig.json
Info 116  [8:58:43.669] Finishing updateGraphWorker: Project: /home/trungtin/Coding/angular-film/tsconfig.json Version: 35 structureChanged: false Elapsed: 2ms
Info 117  [8:58:44.556] Starting updateGraphWorker: Project: /home/trungtin/Coding/angular-film/tsconfig.json
Info 118  [8:58:44.560] Finishing updateGraphWorker: Project: /home/trungtin/Coding/angular-film/tsconfig.json Version: 36 structureChanged: false Elapsed: 4ms
Info 119  [8:58:44.810] Starting updateGraphWorker: Project: /home/trungtin/Coding/angular-film/tsconfig.json
Info 120  [8:58:44.813] Finishing updateGraphWorker: Project: /home/trungtin/Coding/angular-film/tsconfig.json Version: 37 structureChanged: false Elapsed: 2ms
Info 121  [8:58:45.224] Starting updateGraphWorker: Project: /home/trungtin/Coding/angular-film/tsconfig.json
Info 122  [8:58:45.230] Finishing updateGraphWorker: Project: /home/trungtin/Coding/angular-film/tsconfig.json Version: 38 structureChanged: false Elapsed: 6ms
Info 123  [8:58:45.529] Starting updateGraphWorker: Project: /home/trungtin/Coding/angular-film/tsconfig.json
Info 124  [8:58:45.534] Finishing updateGraphWorker: Project: /home/trungtin/Coding/angular-film/tsconfig.json Version: 39 structureChanged: false Elapsed: 5ms
Info 125  [9:1:0.61] FileWatcher:: Triggered with /home/trungtin/Coding/angular-film/src/app/app.module.ts 1:: WatchInfo: /home/trungtin/Coding/angular-film/src/app/app.module.ts 500 undefined Project:  WatchType: Closed Script info
Info 126  [9:1:0.62] Elapsed:: 1ms FileWatcher:: Triggered with /home/trungtin/Coding/angular-film/src/app/app.module.ts 1:: WatchInfo: /home/trungtin/Coding/angular-film/src/app/app.module.ts 500 undefined Project:  WatchType: Closed Script info
Info 127  [9:1:0.311] Starting updateGraphWorker: Project: /home/trungtin/Coding/angular-film/tsconfig.json
Info 128  [9:1:0.409] Finishing updateGraphWorker: Project: /home/trungtin/Coding/angular-film/tsconfig.json Version: 40 structureChanged: true Elapsed: 98ms
Info 129  [9:1:0.409] Project '/home/trungtin/Coding/angular-film/tsconfig.json' (Configured)
Info 130  [9:1:0.409] 	Files (311)

Info 131  [9:1:0.409] -----------------------------------------------
Info 132  [9:1:0.409] Project '/dev/null/autoImportProviderProject1*' (AutoImportProvider)
Info 133  [9:1:0.409] 	Files (71)

Info 134  [9:1:0.409] -----------------------------------------------
Info 135  [9:1:1.63] DirectoryWatcher:: Triggered with /home/trungtin/Coding/angular-film :: WatchInfo: /home/trungtin/Coding/angular-film 1 undefined Project: /home/trungtin/Coding/angular-film/tsconfig.json WatchType: Wild card directory
Info 136  [9:1:1.63] Elapsed:: 0ms DirectoryWatcher:: Triggered with /home/trungtin/Coding/angular-film :: WatchInfo: /home/trungtin/Coding/angular-film 1 undefined Project: /home/trungtin/Coding/angular-film/tsconfig.json WatchType: Wild card directory
Info 137  [9:1:1.63] DirectoryWatcher:: Triggered with /home/trungtin/Coding/angular-film/src :: WatchInfo: /home/trungtin/Coding/angular-film/src 1 undefined Project: /home/trungtin/Coding/angular-film/tsconfig.json WatchType: Failed Lookup Locations
Info 138  [9:1:1.63] Elapsed:: 0ms DirectoryWatcher:: Triggered with /home/trungtin/Coding/angular-film/src :: WatchInfo: /home/trungtin/Coding/angular-film/src 1 undefined Project: /home/trungtin/Coding/angular-film/tsconfig.json WatchType: Failed Lookup Locations
Info 139  [9:1:1.341] Starting updateGraphWorker: Project: /home/trungtin/Coding/angular-film/tsconfig.json
Info 140  [9:1:1.341] Finishing updateGraphWorker: Project: /home/trungtin/Coding/angular-film/tsconfig.json Version: 41 structureChanged: false Elapsed: 0ms
Info 141  [9:1:1.342] Project '/home/trungtin/Coding/angular-film/tsconfig.json' (Configured)
Info 142  [9:1:1.342] 	Files (311)

Info 143  [9:1:1.342] -----------------------------------------------
Info 144  [9:1:1.342] Project '/dev/null/autoImportProviderProject1*' (AutoImportProvider)
Info 145  [9:1:1.342] 	Files (71)

Info 146  [9:1:1.342] -----------------------------------------------
Info 147  [9:1:3.824] Before ensureProjectForOpenFiles:
Info 148  [9:1:3.824] After ensureProjectForOpenFiles:
Info 149  [9:4:1.303] Starting updateGraphWorker: Project: /home/trungtin/Coding/angular-film/tsconfig.json
Info 150  [9:4:1.469] Finishing updateGraphWorker: Project: /home/trungtin/Coding/angular-film/tsconfig.json Version: 42 structureChanged: true Elapsed: 166ms
Info 151  [9:4:1.469] Different program with same set of files:: oldProgram.structureIsReused:: 0
Info 152  [9:4:1.475] Starting updateGraphWorker: Project: /home/trungtin/Coding/angular-film/tsconfig.json
Info 153  [9:4:1.501] Finishing updateGraphWorker: Project: /home/trungtin/Coding/angular-film/tsconfig.json Version: 43 structureChanged: false Elapsed: 26ms
Info 154  [9:4:1.501] Different program with same set of files:: oldProgram.structureIsReused:: 2
Info 155  [9:4:2.186] Starting updateGraphWorker: Project: /home/trungtin/Coding/angular-film/tsconfig.json
Info 156  [9:4:2.236] Finishing updateGraphWorker: Project: /home/trungtin/Coding/angular-film/tsconfig.json Version: 44 structureChanged: false Elapsed: 50ms
Info 157  [9:4:2.236] Different program with same set of files:: oldProgram.structureIsReused:: 2
Info 158  [9:4:3.549] Starting updateGraphWorker: Project: /home/trungtin/Coding/angular-film/tsconfig.json
Info 159  [9:4:3.606] Finishing updateGraphWorker: Project: /home/trungtin/Coding/angular-film/tsconfig.json Version: 45 structureChanged: false Elapsed: 57ms
Info 160  [9:4:3.607] Different program with same set of files:: oldProgram.structureIsReused:: 2
Info 161  [9:4:3.837] Starting updateGraphWorker: Project: /home/trungtin/Coding/angular-film/tsconfig.json
Info 162  [9:4:3.888] Finishing updateGraphWorker: Project: /home/trungtin/Coding/angular-film/tsconfig.json Version: 46 structureChanged: false Elapsed: 51ms
Info 163  [9:4:3.888] Different program with same set of files:: oldProgram.structureIsReused:: 2
Info 164  [9:48:30.574] Starting updateGraphWorker: Project: /home/trungtin/Coding/angular-film/tsconfig.json
Info 165  [9:48:30.639] Finishing updateGraphWorker: Project: /home/trungtin/Coding/angular-film/tsconfig.json Version: 47 structureChanged: false Elapsed: 64ms
Info 166  [9:48:30.639] Different program with same set of files:: oldProgram.structureIsReused:: 2
Info 167  [9:48:31.137] Starting updateGraphWorker: Project: /home/trungtin/Coding/angular-film/tsconfig.json
Info 168  [9:48:31.214] Finishing updateGraphWorker: Project: /home/trungtin/Coding/angular-film/tsconfig.json Version: 48 structureChanged: false Elapsed: 76ms
Info 169  [9:48:31.214] Different program with same set of files:: oldProgram.structureIsReused:: 2
Info 170  [9:48:39.947] Starting updateGraphWorker: Project: /home/trungtin/Coding/angular-film/tsconfig.json
Info 171  [9:48:40.52] Finishing updateGraphWorker: Project: /home/trungtin/Coding/angular-film/tsconfig.json Version: 49 structureChanged: false Elapsed: 105ms
Info 172  [9:48:40.52] Different program with same set of files:: oldProgram.structureIsReused:: 2
Info 173  [9:48:40.122] Starting updateGraphWorker: Project: /home/trungtin/Coding/angular-film/tsconfig.json
Info 174  [9:48:40.188] Finishing updateGraphWorker: Project: /home/trungtin/Coding/angular-film/tsconfig.json Version: 50 structureChanged: false Elapsed: 66ms
Info 175  [9:48:40.188] Different program with same set of files:: oldProgram.structureIsReused:: 2
Info 176  [9:48:40.226] Starting updateGraphWorker: Project: /home/trungtin/Coding/angular-film/tsconfig.json
Info 177  [9:48:40.259] Finishing updateGraphWorker: Project: /home/trungtin/Coding/angular-film/tsconfig.json Version: 51 structureChanged: false Elapsed: 33ms
Info 178  [9:48:40.259] Different program with same set of files:: oldProgram.structureIsReused:: 2
Info 179  [9:48:41.146] Starting updateGraphWorker: Project: /home/trungtin/Coding/angular-film/tsconfig.json
Info 180  [9:48:41.220] Finishing updateGraphWorker: Project: /home/trungtin/Coding/angular-film/tsconfig.json Version: 52 structureChanged: false Elapsed: 73ms
Info 181  [9:48:41.220] Different program with same set of files:: oldProgram.structureIsReused:: 2
Info 182  [9:48:41.565] Starting updateGraphWorker: Project: /home/trungtin/Coding/angular-film/tsconfig.json
Info 183  [9:48:41.633] Finishing updateGraphWorker: Project: /home/trungtin/Coding/angular-film/tsconfig.json Version: 53 structureChanged: false Elapsed: 68ms
Info 184  [9:48:41.633] Different program with same set of files:: oldProgram.structureIsReused:: 2
Info 185  [9:48:41.914] Starting updateGraphWorker: Project: /home/trungtin/Coding/angular-film/tsconfig.json
Info 186  [9:48:41.998] Finishing updateGraphWorker: Project: /home/trungtin/Coding/angular-film/tsconfig.json Version: 54 structureChanged: false Elapsed: 83ms
Info 187  [9:48:41.998] Different program with same set of files:: oldProgram.structureIsReused:: 2
Info 188  [9:48:42.937] Starting updateGraphWorker: Project: /home/trungtin/Coding/angular-film/tsconfig.json
Info 189  [9:48:43.3] Finishing updateGraphWorker: Project: /home/trungtin/Coding/angular-film/tsconfig.json Version: 55 structureChanged: false Elapsed: 66ms
Info 190  [9:48:43.3] Different program with same set of files:: oldProgram.structureIsReused:: 2
Info 191  [9:48:43.651] Starting updateGraphWorker: Project: /home/trungtin/Coding/angular-film/tsconfig.json
Info 192  [9:48:43.739] Finishing updateGraphWorker: Project: /home/trungtin/Coding/angular-film/tsconfig.json Version: 56 structureChanged: false Elapsed: 88ms
Info 193  [9:48:43.739] Different program with same set of files:: oldProgram.structureIsReused:: 2
Info 194  [9:48:43.753] Starting updateGraphWorker: Project: /home/trungtin/Coding/angular-film/tsconfig.json
Info 195  [9:48:43.838] Finishing updateGraphWorker: Project: /home/trungtin/Coding/angular-film/tsconfig.json Version: 57 structureChanged: false Elapsed: 85ms
Info 196  [9:48:43.839] Different program with same set of files:: oldProgram.structureIsReused:: 2
Info 197  [9:48:44.56] Starting updateGraphWorker: Project: /home/trungtin/Coding/angular-film/tsconfig.json
Info 198  [9:48:44.142] Finishing updateGraphWorker: Project: /home/trungtin/Coding/angular-film/tsconfig.json Version: 58 structureChanged: false Elapsed: 86ms
Info 199  [9:48:44.142] Different program with same set of files:: oldProgram.structureIsReused:: 2
Info 200  [9:48:45.118] Starting updateGraphWorker: Project: /home/trungtin/Coding/angular-film/tsconfig.json
Info 201  [9:48:45.168] Finishing updateGraphWorker: Project: /home/trungtin/Coding/angular-film/tsconfig.json Version: 59 structureChanged: false Elapsed: 50ms
Info 202  [9:48:45.168] Different program with same set of files:: oldProgram.structureIsReused:: 2
Info 203  [9:48:46.54] Starting updateGraphWorker: Project: /home/trungtin/Coding/angular-film/tsconfig.json
Info 204  [9:48:46.154] Finishing updateGraphWorker: Project: /home/trungtin/Coding/angular-film/tsconfig.json Version: 60 structureChanged: false Elapsed: 100ms
Info 205  [9:48:46.154] Different program with same set of files:: oldProgram.structureIsReused:: 2
Info 206  [9:48:46.170] Starting updateGraphWorker: Project: /home/trungtin/Coding/angular-film/tsconfig.json
Info 207  [9:48:46.259] Finishing updateGraphWorker: Project: /home/trungtin/Coding/angular-film/tsconfig.json Version: 61 structureChanged: false Elapsed: 89ms
Info 208  [9:48:46.260] Different program with same set of files:: oldProgram.structureIsReused:: 2
Info 209  [9:48:46.653] Starting updateGraphWorker: Project: /home/trungtin/Coding/angular-film/tsconfig.json
Info 210  [9:48:46.675] Finishing updateGraphWorker: Project: /home/trungtin/Coding/angular-film/tsconfig.json Version: 62 structureChanged: false Elapsed: 22ms
Info 211  [9:48:46.675] Different program with same set of files:: oldProgram.structureIsReused:: 2
Info 212  [9:48:47.716] Starting updateGraphWorker: Project: /home/trungtin/Coding/angular-film/tsconfig.json
Info 213  [9:48:47.790] Finishing updateGraphWorker: Project: /home/trungtin/Coding/angular-film/tsconfig.json Version: 63 structureChanged: false Elapsed: 74ms
Info 214  [9:48:47.790] Different program with same set of files:: oldProgram.structureIsReused:: 2
Info 215  [9:48:47.808] Starting updateGraphWorker: Project: /home/trungtin/Coding/angular-film/tsconfig.json
Info 216  [9:48:47.842] Finishing updateGraphWorker: Project: /home/trungtin/Coding/angular-film/tsconfig.json Version: 64 structureChanged: false Elapsed: 34ms
Info 217  [9:48:47.842] Different program with same set of files:: oldProgram.structureIsReused:: 2
Info 218  [9:48:48.521] Starting updateGraphWorker: Project: /home/trungtin/Coding/angular-film/tsconfig.json
Info 219  [9:48:48.588] Finishing updateGraphWorker: Project: /home/trungtin/Coding/angular-film/tsconfig.json Version: 65 structureChanged: false Elapsed: 66ms
Info 220  [9:48:48.589] Different program with same set of files:: oldProgram.structureIsReused:: 2
Info 221  [9:48:49.0] Starting updateGraphWorker: Project: /home/trungtin/Coding/angular-film/tsconfig.json
Info 222  [9:48:49.52] Finishing updateGraphWorker: Project: /home/trungtin/Coding/angular-film/tsconfig.json Version: 66 structureChanged: false Elapsed: 52ms
Info 223  [9:48:49.52] Different program with same set of files:: oldProgram.structureIsReused:: 2
Info 224  [9:48:49.527] Starting updateGraphWorker: Project: /home/trungtin/Coding/angular-film/tsconfig.json
Info 225  [9:48:49.588] Finishing updateGraphWorker: Project: /home/trungtin/Coding/angular-film/tsconfig.json Version: 67 structureChanged: false Elapsed: 61ms
Info 226  [9:48:49.588] Different program with same set of files:: oldProgram.structureIsReused:: 2
Info 227  [9:48:49.841] Starting updateGraphWorker: Project: /home/trungtin/Coding/angular-film/tsconfig.json
Info 228  [9:48:49.892] Finishing updateGraphWorker: Project: /home/trungtin/Coding/angular-film/tsconfig.json Version: 68 structureChanged: false Elapsed: 50ms
Info 229  [9:48:49.892] Different program with same set of files:: oldProgram.structureIsReused:: 2
Info 230  [9:48:52.320] Starting updateGraphWorker: Project: /home/trungtin/Coding/angular-film/tsconfig.json
Info 231  [9:48:52.382] Finishing updateGraphWorker: Project: /home/trungtin/Coding/angular-film/tsconfig.json Version: 69 structureChanged: false Elapsed: 62ms
Info 232  [9:48:52.382] Different program with same set of files:: oldProgram.structureIsReused:: 2
Info 233  [9:48:56.962] Starting updateGraphWorker: Project: /home/trungtin/Coding/angular-film/tsconfig.json
Info 234  [9:48:57.12] Finishing updateGraphWorker: Project: /home/trungtin/Coding/angular-film/tsconfig.json Version: 70 structureChanged: false Elapsed: 50ms
Info 235  [9:48:57.12] Different program with same set of files:: oldProgram.structureIsReused:: 2
Info 236  [9:48:58.398] Starting updateGraphWorker: Project: /home/trungtin/Coding/angular-film/tsconfig.json
Info 237  [9:48:58.446] Finishing updateGraphWorker: Project: /home/trungtin/Coding/angular-film/tsconfig.json Version: 71 structureChanged: false Elapsed: 48ms
Info 238  [9:48:58.446] Different program with same set of files:: oldProgram.structureIsReused:: 2
Info 239  [9:48:59.999] Starting updateGraphWorker: Project: /home/trungtin/Coding/angular-film/tsconfig.json
Info 240  [9:49:0.50] Finishing updateGraphWorker: Project: /home/trungtin/Coding/angular-film/tsconfig.json Version: 72 structureChanged: false Elapsed: 51ms
Info 241  [9:49:0.51] Different program with same set of files:: oldProgram.structureIsReused:: 2
Info 242  [9:49:0.239] Starting updateGraphWorker: Project: /home/trungtin/Coding/angular-film/tsconfig.json
Info 243  [9:49:0.303] Finishing updateGraphWorker: Project: /home/trungtin/Coding/angular-film/tsconfig.json Version: 73 structureChanged: false Elapsed: 63ms
Info 244  [9:49:0.303] Different program with same set of files:: oldProgram.structureIsReused:: 2
Info 245  [9:49:0.712] Starting updateGraphWorker: Project: /home/trungtin/Coding/angular-film/tsconfig.json
Info 246  [9:49:0.760] Finishing updateGraphWorker: Project: /home/trungtin/Coding/angular-film/tsconfig.json Version: 74 structureChanged: false Elapsed: 48ms
Info 247  [9:49:0.760] Different program with same set of files:: oldProgram.structureIsReused:: 2
Info 248  [9:49:0.973] Starting updateGraphWorker: Project: /home/trungtin/Coding/angular-film/tsconfig.json
Info 249  [9:49:1.22] Finishing updateGraphWorker: Project: /home/trungtin/Coding/angular-film/tsconfig.json Version: 75 structureChanged: false Elapsed: 49ms
Info 250  [9:49:1.22] Different program with same set of files:: oldProgram.structureIsReused:: 2
Info 251  [9:49:1.263] Starting updateGraphWorker: Project: /home/trungtin/Coding/angular-film/tsconfig.json
Info 252  [9:49:1.307] Finishing updateGraphWorker: Project: /home/trungtin/Coding/angular-film/tsconfig.json Version: 76 structureChanged: false Elapsed: 44ms
Info 253  [9:49:1.307] Different program with same set of files:: oldProgram.structureIsReused:: 2
Info 254  [9:49:1.963] Starting updateGraphWorker: Project: /home/trungtin/Coding/angular-film/tsconfig.json
Info 255  [9:49:2.11] Finishing updateGraphWorker: Project: /home/trungtin/Coding/angular-film/tsconfig.json Version: 77 structureChanged: false Elapsed: 48ms
Info 256  [9:49:2.12] Different program with same set of files:: oldProgram.structureIsReused:: 2
Info 257  [9:49:2.748] Starting updateGraphWorker: Project: /home/trungtin/Coding/angular-film/tsconfig.json
Info 258  [9:49:2.799] Finishing updateGraphWorker: Project: /home/trungtin/Coding/angular-film/tsconfig.json Version: 78 structureChanged: false Elapsed: 51ms
Info 259  [9:49:2.799] Different program with same set of files:: oldProgram.structureIsReused:: 2
Info 260  [9:49:3.578] Starting updateGraphWorker: Project: /home/trungtin/Coding/angular-film/tsconfig.json
Info 261  [9:49:3.626] Finishing updateGraphWorker: Project: /home/trungtin/Coding/angular-film/tsconfig.json Version: 79 structureChanged: false Elapsed: 48ms
Info 262  [9:49:3.626] Different program with same set of files:: oldProgram.structureIsReused:: 2
Info 263  [9:49:4.529] Starting updateGraphWorker: Project: /home/trungtin/Coding/angular-film/tsconfig.json
Info 264  [9:49:4.582] Finishing updateGraphWorker: Project: /home/trungtin/Coding/angular-film/tsconfig.json Version: 80 structureChanged: false Elapsed: 53ms
Info 265  [9:49:4.582] Different program with same set of files:: oldProgram.structureIsReused:: 2
Info 266  [9:49:5.114] Starting updateGraphWorker: Project: /home/trungtin/Coding/angular-film/tsconfig.json
Info 267  [9:49:5.198] Finishing updateGraphWorker: Project: /home/trungtin/Coding/angular-film/tsconfig.json Version: 81 structureChanged: false Elapsed: 84ms
Info 268  [9:49:5.198] Different program with same set of files:: oldProgram.structureIsReused:: 2
Info 269  [9:49:5.645] Starting updateGraphWorker: Project: /home/trungtin/Coding/angular-film/tsconfig.json
Info 270  [9:49:5.665] Finishing updateGraphWorker: Project: /home/trungtin/Coding/angular-film/tsconfig.json Version: 82 structureChanged: false Elapsed: 20ms
Info 271  [9:49:5.665] Different program with same set of files:: oldProgram.structureIsReused:: 2
Info 272  [9:49:17.439] Starting updateGraphWorker: Project: /home/trungtin/Coding/angular-film/tsconfig.json
Info 273  [9:49:17.496] Finishing updateGraphWorker: Project: /home/trungtin/Coding/angular-film/tsconfig.json Version: 83 structureChanged: false Elapsed: 57ms
Info 274  [9:49:17.496] Different program with same set of files:: oldProgram.structureIsReused:: 2
Info 275  [9:49:19.965] Starting updateGraphWorker: Project: /home/trungtin/Coding/angular-film/tsconfig.json
Info 276  [9:49:20.28] Finishing updateGraphWorker: Project: /home/trungtin/Coding/angular-film/tsconfig.json Version: 84 structureChanged: false Elapsed: 63ms
Info 277  [9:49:20.28] Different program with same set of files:: oldProgram.structureIsReused:: 2
Info 278  [9:49:22.70] Starting updateGraphWorker: Project: /home/trungtin/Coding/angular-film/tsconfig.json
Info 279  [9:49:22.136] Finishing updateGraphWorker: Project: /home/trungtin/Coding/angular-film/tsconfig.json Version: 85 structureChanged: false Elapsed: 66ms
Info 280  [9:49:22.136] Different program with same set of files:: oldProgram.structureIsReused:: 2
Info 281  [9:49:22.698] Starting updateGraphWorker: Project: /home/trungtin/Coding/angular-film/tsconfig.json
Info 282  [9:49:22.746] Finishing updateGraphWorker: Project: /home/trungtin/Coding/angular-film/tsconfig.json Version: 86 structureChanged: false Elapsed: 48ms
Info 283  [9:49:22.746] Different program with same set of files:: oldProgram.structureIsReused:: 2
Info 284  [9:49:23.164] Starting updateGraphWorker: Project: /home/trungtin/Coding/angular-film/tsconfig.json
Info 285  [9:49:23.219] Finishing updateGraphWorker: Project: /home/trungtin/Coding/angular-film/tsconfig.json Version: 87 structureChanged: false Elapsed: 54ms
Info 286  [9:49:23.220] Different program with same set of files:: oldProgram.structureIsReused:: 2
Info 287  [9:49:23.501] Starting updateGraphWorker: Project: /home/trungtin/Coding/angular-film/tsconfig.json
Info 288  [9:49:23.553] Finishing updateGraphWorker: Project: /home/trungtin/Coding/angular-film/tsconfig.json Version: 88 structureChanged: false Elapsed: 52ms
Info 289  [9:49:23.553] Different program with same set of files:: oldProgram.structureIsReused:: 2
Info 290  [9:49:23.742] Starting updateGraphWorker: Project: /home/trungtin/Coding/angular-film/tsconfig.json
Info 291  [9:49:23.801] Finishing updateGraphWorker: Project: /home/trungtin/Coding/angular-film/tsconfig.json Version: 89 structureChanged: false Elapsed: 59ms
Info 292  [9:49:23.802] Different program with same set of files:: oldProgram.structureIsReused:: 2
Info 293  [9:49:23.986] Starting updateGraphWorker: Project: /home/trungtin/Coding/angular-film/tsconfig.json
Info 294  [9:49:24.40] Finishing updateGraphWorker: Project: /home/trungtin/Coding/angular-film/tsconfig.json Version: 90 structureChanged: false Elapsed: 54ms
Info 295  [9:49:24.40] Different program with same set of files:: oldProgram.structureIsReused:: 2
Info 296  [9:49:24.134] Starting updateGraphWorker: Project: /home/trungtin/Coding/angular-film/tsconfig.json
Info 297  [9:49:24.204] Finishing updateGraphWorker: Project: /home/trungtin/Coding/angular-film/tsconfig.json Version: 91 structureChanged: false Elapsed: 70ms
Info 298  [9:49:24.204] Different program with same set of files:: oldProgram.structureIsReused:: 2
Info 299  [9:49:31.133] Starting updateGraphWorker: Project: /home/trungtin/Coding/angular-film/tsconfig.json
Info 300  [9:49:31.193] Finishing updateGraphWorker: Project: /home/trungtin/Coding/angular-film/tsconfig.json Version: 92 structureChanged: false Elapsed: 60ms
Info 301  [9:49:31.193] Different program with same set of files:: oldProgram.structureIsReused:: 2
Info 302  [9:50:4.923] Starting updateGraphWorker: Project: /home/trungtin/Coding/angular-film/tsconfig.json
Info 303  [9:50:4.976] Finishing updateGraphWorker: Project: /home/trungtin/Coding/angular-film/tsconfig.json Version: 93 structureChanged: false Elapsed: 53ms
Info 304  [9:50:4.976] Different program with same set of files:: oldProgram.structureIsReused:: 2
Info 305  [9:50:5.700] Starting updateGraphWorker: Project: /home/trungtin/Coding/angular-film/tsconfig.json
Info 306  [9:50:5.760] Finishing updateGraphWorker: Project: /home/trungtin/Coding/angular-film/tsconfig.json Version: 94 structureChanged: false Elapsed: 59ms
Info 307  [9:50:5.761] Different program with same set of files:: oldProgram.structureIsReused:: 2
Info 308  [9:50:6.107] Starting updateGraphWorker: Project: /home/trungtin/Coding/angular-film/tsconfig.json
Info 309  [9:50:6.153] Finishing updateGraphWorker: Project: /home/trungtin/Coding/angular-film/tsconfig.json Version: 95 structureChanged: false Elapsed: 46ms
Info 310  [9:50:6.153] Different program with same set of files:: oldProgram.structureIsReused:: 2
Info 311  [9:50:6.740] Starting updateGraphWorker: Project: /home/trungtin/Coding/angular-film/tsconfig.json
Info 312  [9:50:6.796] Finishing updateGraphWorker: Project: /home/trungtin/Coding/angular-film/tsconfig.json Version: 96 structureChanged: false Elapsed: 56ms
Info 313  [9:50:6.796] Different program with same set of files:: oldProgram.structureIsReused:: 2
Info 314  [9:50:9.470] Starting updateGraphWorker: Project: /home/trungtin/Coding/angular-film/tsconfig.json
Info 315  [9:50:9.533] Finishing updateGraphWorker: Project: /home/trungtin/Coding/angular-film/tsconfig.json Version: 97 structureChanged: false Elapsed: 63ms
Info 316  [9:50:9.533] Different program with same set of files:: oldProgram.structureIsReused:: 2
Info 317  [9:50:10.469] Starting updateGraphWorker: Project: /home/trungtin/Coding/angular-film/tsconfig.json
Info 318  [9:50:10.536] Finishing updateGraphWorker: Project: /home/trungtin/Coding/angular-film/tsconfig.json Version: 98 structureChanged: false Elapsed: 67ms
Info 319  [9:50:10.536] Different program with same set of files:: oldProgram.structureIsReused:: 2
Info 320  [9:50:10.787] Starting updateGraphWorker: Project: /home/trungtin/Coding/angular-film/tsconfig.json
Info 321  [9:50:10.882] Finishing updateGraphWorker: Project: /home/trungtin/Coding/angular-film/tsconfig.json Version: 99 structureChanged: false Elapsed: 95ms
Info 322  [9:50:10.882] Different program with same set of files:: oldProgram.structureIsReused:: 2
Info 323  [9:50:11.460] Starting updateGraphWorker: Project: /home/trungtin/Coding/angular-film/tsconfig.json
Info 324  [9:50:11.507] Finishing updateGraphWorker: Project: /home/trungtin/Coding/angular-film/tsconfig.json Version: 100 structureChanged: false Elapsed: 47ms
Info 325  [9:50:11.507] Different program with same set of files:: oldProgram.structureIsReused:: 2
Info 326  [9:50:11.652] Starting updateGraphWorker: Project: /home/trungtin/Coding/angular-film/tsconfig.json
Info 327  [9:50:11.711] Finishing updateGraphWorker: Project: /home/trungtin/Coding/angular-film/tsconfig.json Version: 101 structureChanged: false Elapsed: 59ms
Info 328  [9:50:11.711] Different program with same set of files:: oldProgram.structureIsReused:: 2
Info 329  [9:50:12.185] Starting updateGraphWorker: Project: /home/trungtin/Coding/angular-film/tsconfig.json
Info 330  [9:50:12.256] Finishing updateGraphWorker: Project: /home/trungtin/Coding/angular-film/tsconfig.json Version: 102 structureChanged: false Elapsed: 71ms
Info 331  [9:50:12.256] Different program with same set of files:: oldProgram.structureIsReused:: 2
Info 332  [9:50:12.929] Starting updateGraphWorker: Project: /home/trungtin/Coding/angular-film/tsconfig.json
Info 333  [9:50:12.983] Finishing updateGraphWorker: Project: /home/trungtin/Coding/angular-film/tsconfig.json Version: 103 structureChanged: false Elapsed: 53ms
Info 334  [9:50:12.983] Different program with same set of files:: oldProgram.structureIsReused:: 2
Info 335  [9:50:13.204] Starting updateGraphWorker: Project: /home/trungtin/Coding/angular-film/tsconfig.json
Info 336  [9:50:13.257] Finishing updateGraphWorker: Project: /home/trungtin/Coding/angular-film/tsconfig.json Version: 104 structureChanged: false Elapsed: 52ms
Info 337  [9:50:13.257] Different program with same set of files:: oldProgram.structureIsReused:: 2
Info 338  [9:50:13.583] Starting updateGraphWorker: Project: /home/trungtin/Coding/angular-film/tsconfig.json
Info 339  [9:50:13.637] Finishing updateGraphWorker: Project: /home/trungtin/Coding/angular-film/tsconfig.json Version: 105 structureChanged: false Elapsed: 54ms
Info 340  [9:50:13.637] Different program with same set of files:: oldProgram.structureIsReused:: 2
Info 341  [9:50:14.227] Starting updateGraphWorker: Project: /home/trungtin/Coding/angular-film/tsconfig.json
Info 342  [9:50:14.270] Finishing updateGraphWorker: Project: /home/trungtin/Coding/angular-film/tsconfig.json Version: 106 structureChanged: false Elapsed: 43ms
Info 343  [9:50:14.270] Different program with same set of files:: oldProgram.structureIsReused:: 2
Info 344  [9:50:14.793] Starting updateGraphWorker: Project: /home/trungtin/Coding/angular-film/tsconfig.json
Info 345  [9:50:14.847] Finishing updateGraphWorker: Project: /home/trungtin/Coding/angular-film/tsconfig.json Version: 107 structureChanged: false Elapsed: 54ms
Info 346  [9:50:14.847] Different program with same set of files:: oldProgram.structureIsReused:: 2
Info 347  [9:50:16.723] Starting updateGraphWorker: Project: /home/trungtin/Coding/angular-film/tsconfig.json
Info 348  [9:50:16.774] Finishing updateGraphWorker: Project: /home/trungtin/Coding/angular-film/tsconfig.json Version: 108 structureChanged: false Elapsed: 51ms
Info 349  [9:50:16.774] Different program with same set of files:: oldProgram.structureIsReused:: 2
Info 350  [9:50:17.47] Starting updateGraphWorker: Project: /home/trungtin/Coding/angular-film/tsconfig.json
Info 351  [9:50:17.105] Finishing updateGraphWorker: Project: /home/trungtin/Coding/angular-film/tsconfig.json Version: 109 structureChanged: false Elapsed: 58ms
Info 352  [9:50:17.105] Different program with same set of files:: oldProgram.structureIsReused:: 2
Info 353  [9:50:18.304] Starting updateGraphWorker: Project: /home/trungtin/Coding/angular-film/tsconfig.json
Info 354  [9:50:18.355] Finishing updateGraphWorker: Project: /home/trungtin/Coding/angular-film/tsconfig.json Version: 110 structureChanged: false Elapsed: 51ms
Info 355  [9:50:18.355] Different program with same set of files:: oldProgram.structureIsReused:: 2
Info 356  [9:50:18.833] Starting updateGraphWorker: Project: /home/trungtin/Coding/angular-film/tsconfig.json
Info 357  [9:50:18.881] Finishing updateGraphWorker: Project: /home/trungtin/Coding/angular-film/tsconfig.json Version: 111 structureChanged: false Elapsed: 48ms
Info 358  [9:50:18.882] Different program with same set of files:: oldProgram.structureIsReused:: 2
Info 359  [9:50:20.118] Starting updateGraphWorker: Project: /home/trungtin/Coding/angular-film/tsconfig.json
Info 360  [9:50:20.178] Finishing updateGraphWorker: Project: /home/trungtin/Coding/angular-film/tsconfig.json Version: 112 structureChanged: false Elapsed: 59ms
Info 361  [9:50:20.178] Different program with same set of files:: oldProgram.structureIsReused:: 2
Info 362  [9:50:20.770] Starting updateGraphWorker: Project: /home/trungtin/Coding/angular-film/tsconfig.json
Info 363  [9:50:20.814] Finishing updateGraphWorker: Project: /home/trungtin/Coding/angular-film/tsconfig.json Version: 113 structureChanged: false Elapsed: 44ms
Info 364  [9:50:20.815] Different program with same set of files:: oldProgram.structureIsReused:: 2
Info 365  [9:50:23.589] Starting updateGraphWorker: Project: /home/trungtin/Coding/angular-film/tsconfig.json
Info 366  [9:50:23.621] Finishing updateGraphWorker: Project: /home/trungtin/Coding/angular-film/tsconfig.json Version: 114 structureChanged: false Elapsed: 32ms
Info 367  [9:50:23.621] Different program with same set of files:: oldProgram.structureIsReused:: 2
