Looking for git in: git
Using git 2.28.0 from git
> git rev-parse --git-dir
Open repository: /home/trungtin/Coding/angular-film
> git status -z -u
> git symbolic-ref --short HEAD
> git rev-parse master
> git rev-parse --symbolic-full-name master@{u}
fatal: no upstream configured for branch 'master'
> git for-each-ref --sort -committerdate --format %(refname) %(objectname)
> git remote --verbose
> git config --get commit.template
> git check-ignore -v -z --stdin
> git check-ignore -v -z --stdin
> git check-ignore -v -z --stdin
> git check-ignore -v -z --stdin
> git check-ignore -v -z --stdin
> git show --textconv :src/app/app.module.ts
> git ls-files --stage -- /home/trungtin/Coding/angular-film/src/app/app.module.ts
> git cat-file -s f65716351aa5930fea545e1e3f016e2980c1f483
> git check-ignore -v -z --stdin
> git show --textconv :src/app/app.component.ts
> git ls-files --stage -- /home/trungtin/Coding/angular-film/src/app/app.component.ts
> git cat-file -s b615adfbd56435e015eeaaaaf64d5f0a992ecea7
> git show --textconv :src/app/app.component.html
> git ls-files --stage -- /home/trungtin/Coding/angular-film/src/app/app.component.html
> git cat-file -s fdb26fbd7b4bc81dab74d84dc9832452fb69007f
> git status -z -u
> git symbolic-ref --short HEAD
> git rev-parse master
> git rev-parse --symbolic-full-name master@{u}
fatal: no upstream configured for branch 'master'
> git for-each-ref --sort -committerdate --format %(refname) %(objectname)
> git remote --verbose
> git config --get commit.template
> git show --textconv :src/app/app.component.spec.ts
> git ls-files --stage -- /home/trungtin/Coding/angular-film/src/app/app.component.spec.ts
> git cat-file -s 4505a46259c6c32e4f15dc2f8e7c037fa10cf433
> git show --textconv :src/app/app.component.scss
> git ls-files --stage -- /home/trungtin/Coding/angular-film/src/app/app.component.scss
> git cat-file -s e69de29bb2d1d6434b8b29ae775ad8c2e48c5391
> git show --textconv :src/app/app.component.spec.ts
> git ls-files --stage -- /home/trungtin/Coding/angular-film/src/app/app.component.spec.ts
> git cat-file -s 4505a46259c6c32e4f15dc2f8e7c037fa10cf433
> git show --textconv :src/app/app.component.html
> git ls-files --stage -- /home/trungtin/Coding/angular-film/src/app/app.component.html
> git cat-file -s fdb26fbd7b4bc81dab74d84dc9832452fb69007f
> git status -z -u
> git symbolic-ref --short HEAD
> git rev-parse master
> git rev-parse --symbolic-full-name master@{u}
fatal: no upstream configured for branch 'master'
> git for-each-ref --sort -committerdate --format %(refname) %(objectname)
> git remote --verbose
> git config --get commit.template
> git status -z -u
> git symbolic-ref --short HEAD
> git rev-parse master
> git rev-parse --symbolic-full-name master@{u}
fatal: no upstream configured for branch 'master'
> git for-each-ref --sort -committerdate --format %(refname) %(objectname)
> git remote --verbose
> git config --get commit.template
> git check-ignore -v -z --stdin
> git status -z -u
> git symbolic-ref --short HEAD
> git rev-parse master
> git rev-parse --symbolic-full-name master@{u}
fatal: no upstream configured for branch 'master'
> git for-each-ref --sort -committerdate --format %(refname) %(objectname)
> git remote --verbose
> git config --get commit.template
> git check-ignore -v -z --stdin
> git show --textconv :src/assets/_colours.scss
> git ls-files --stage -- /home/trungtin/Coding/angular-film/src/assets/_colours.scss
> git show --textconv :src/app/app.component.html
> git ls-files --stage -- /home/trungtin/Coding/angular-film/src/app/app.component.html
> git cat-file -s fdb26fbd7b4bc81dab74d84dc9832452fb69007f
> git show --textconv :src/assets/_colours.scss
> git ls-files --stage -- /home/trungtin/Coding/angular-film/src/assets/_colours.scss
> git show --textconv :src/app/app.component.html
> git ls-files --stage -- /home/trungtin/Coding/angular-film/src/app/app.component.html
> git cat-file -s fdb26fbd7b4bc81dab74d84dc9832452fb69007f
> git status -z -u
> git symbolic-ref --short HEAD
> git rev-parse master
> git rev-parse --symbolic-full-name master@{u}
fatal: no upstream configured for branch 'master'
> git for-each-ref --sort -committerdate --format %(refname) %(objectname)
> git remote --verbose
> git config --get commit.template
> git check-ignore -v -z --stdin
> git status -z -u
> git symbolic-ref --short HEAD
> git rev-parse master
> git rev-parse --symbolic-full-name master@{u}
fatal: no upstream configured for branch 'master'
> git for-each-ref --sort -committerdate --format %(refname) %(objectname)
> git remote --verbose
> git config --get commit.template
> git check-ignore -v -z --stdin
> git status -z -u
> git symbolic-ref --short HEAD
> git rev-parse master
> git rev-parse --symbolic-full-name master@{u}
fatal: no upstream configured for branch 'master'
> git for-each-ref --sort -committerdate --format %(refname) %(objectname)
> git remote --verbose
> git config --get commit.template
> git check-ignore -v -z --stdin
> git status -z -u
> git symbolic-ref --short HEAD
> git rev-parse master
> git rev-parse --symbolic-full-name master@{u}
fatal: no upstream configured for branch 'master'
> git for-each-ref --sort -committerdate --format %(refname) %(objectname)
> git remote --verbose
> git config --get commit.template
> git check-ignore -v -z --stdin
> git show --textconv :src/app/app.component.scss
> git ls-files --stage -- /home/trungtin/Coding/angular-film/src/app/app.component.scss
> git cat-file -s e69de29bb2d1d6434b8b29ae775ad8c2e48c5391
> git show --textconv :src/app/app.component.html
> git ls-files --stage -- /home/trungtin/Coding/angular-film/src/app/app.component.html
> git cat-file -s fdb26fbd7b4bc81dab74d84dc9832452fb69007f
> git status -z -u
> git symbolic-ref --short HEAD
> git rev-parse master
> git rev-parse --symbolic-full-name master@{u}
fatal: no upstream configured for branch 'master'
> git for-each-ref --sort -committerdate --format %(refname) %(objectname)
> git remote --verbose
> git config --get commit.template
> git check-ignore -v -z --stdin
> git check-ignore -v -z --stdin
> git show --textconv :src/app/header/header.component.ts
> git ls-files --stage -- /home/trungtin/Coding/angular-film/src/app/header/header.component.ts
> git show --textconv :src/app/app.component.html
> git ls-files --stage -- /home/trungtin/Coding/angular-film/src/app/app.component.html
> git cat-file -s fdb26fbd7b4bc81dab74d84dc9832452fb69007f
> git status -z -u
> git symbolic-ref --short HEAD
> git rev-parse master
> git rev-parse --symbolic-full-name master@{u}
fatal: no upstream configured for branch 'master'
> git for-each-ref --sort -committerdate --format %(refname) %(objectname)
> git remote --verbose
> git config --get commit.template
> git show --textconv :src/app/header/header.component.spec.ts
> git ls-files --stage -- /home/trungtin/Coding/angular-film/src/app/header/header.component.spec.ts
> git show --textconv :src/app/header/header.component.scss
> git ls-files --stage -- /home/trungtin/Coding/angular-film/src/app/header/header.component.scss
> git show --textconv :src/app/header/header.component.ts
> git ls-files --stage -- /home/trungtin/Coding/angular-film/src/app/header/header.component.ts
> git show --textconv :src/app/header/header.component.html
> git ls-files --stage -- /home/trungtin/Coding/angular-film/src/app/header/header.component.html
> git status -z -u
> git symbolic-ref --short HEAD
> git rev-parse master
> git rev-parse --symbolic-full-name master@{u}
fatal: no upstream configured for branch 'master'
> git for-each-ref --sort -committerdate --format %(refname) %(objectname)
> git remote --verbose
> git config --get commit.template
> git status -z -u
> git symbolic-ref --short HEAD
> git rev-parse master
> git rev-parse --symbolic-full-name master@{u}
fatal: no upstream configured for branch 'master'
> git for-each-ref --sort -committerdate --format %(refname) %(objectname)
> git remote --verbose
> git config --get commit.template
> git status -z -u
> git symbolic-ref --short HEAD
> git rev-parse master
> git rev-parse --symbolic-full-name master@{u}
fatal: no upstream configured for branch 'master'
> git for-each-ref --sort -committerdate --format %(refname) %(objectname)
> git remote --verbose
> git config --get commit.template
> git status -z -u
> git symbolic-ref --short HEAD
> git rev-parse master
> git rev-parse --symbolic-full-name master@{u}
fatal: no upstream configured for branch 'master'
> git for-each-ref --sort -committerdate --format %(refname) %(objectname)
> git remote --verbose
> git config --get commit.template
> git status -z -u
> git symbolic-ref --short HEAD
> git rev-parse master
> git rev-parse --symbolic-full-name master@{u}
fatal: no upstream configured for branch 'master'
> git for-each-ref --sort -committerdate --format %(refname) %(objectname)
> git remote --verbose
> git config --get commit.template
> git status -z -u
> git symbolic-ref --short HEAD
> git rev-parse master
> git rev-parse --symbolic-full-name master@{u}
fatal: no upstream configured for branch 'master'
> git for-each-ref --sort -committerdate --format %(refname) %(objectname)
> git remote --verbose
> git config --get commit.template
> git show --textconv :src/app/app.component.html
> git ls-files --stage -- /home/trungtin/Coding/angular-film/src/app/app.component.html
> git cat-file -s fdb26fbd7b4bc81dab74d84dc9832452fb69007f
> git show --textconv :src/app/header/header.component.html
> git ls-files --stage -- /home/trungtin/Coding/angular-film/src/app/header/header.component.html
> git show --textconv :src/app/header/header.component.scss
> git ls-files --stage -- /home/trungtin/Coding/angular-film/src/app/header/header.component.scss
> git show --textconv :src/app/header/header.component.html
> git ls-files --stage -- /home/trungtin/Coding/angular-film/src/app/header/header.component.html
> git show --textconv :src/app/header/header.component.scss
> git ls-files --stage -- /home/trungtin/Coding/angular-film/src/app/header/header.component.scss
> git show --textconv :src/app/header/header.component.html
> git ls-files --stage -- /home/trungtin/Coding/angular-film/src/app/header/header.component.html
> git log --format=%H%n%aN%n%aE%n%at%n%ct%n%P%n%B -z -n21 -- /home/trungtin/Coding/angular-film/src/app/header/header.component.html
> git log --format=%H%n%aN%n%aE%n%at%n%ct%n%P%n%B -z -n41 -- /home/trungtin/Coding/angular-film/src/app/header/header.component.html
> git log --format=%H%n%aN%n%aE%n%at%n%ct%n%P%n%B -z -n21 -- /home/trungtin/Coding/angular-film/src/app/header/header.component.scss
> git show --textconv :src/app/header/header.component.scss
> git ls-files --stage -- /home/trungtin/Coding/angular-film/src/app/header/header.component.scss
> git status -z -u
> git symbolic-ref --short HEAD
> git rev-parse master
> git rev-parse --symbolic-full-name master@{u}
fatal: no upstream configured for branch 'master'
> git for-each-ref --sort -committerdate --format %(refname) %(objectname)
> git remote --verbose
> git config --get commit.template
> git status -z -u
> git symbolic-ref --short HEAD
> git rev-parse master
> git rev-parse --symbolic-full-name master@{u}
fatal: no upstream configured for branch 'master'
> git for-each-ref --sort -committerdate --format %(refname) %(objectname)
> git remote --verbose
> git config --get commit.template
> git show --textconv :src/app/app.component.scss
> git ls-files --stage -- /home/trungtin/Coding/angular-film/src/app/app.component.scss
> git cat-file -s e69de29bb2d1d6434b8b29ae775ad8c2e48c5391
> git show --textconv :src/index.html
> git ls-files --stage -- /home/trungtin/Coding/angular-film/src/index.html
> git cat-file -s 1ee69eaaf0a6508d069ffbfdcd05a415dbf1b330
> git show --textconv :src/styles.scss
> git ls-files --stage -- /home/trungtin/Coding/angular-film/src/styles.scss
> git cat-file -s 90d4ee0072ce3fc41812f8af910219f9eea3c3de
> git show --textconv :src/app/header/header.component.scss
> git ls-files --stage -- /home/trungtin/Coding/angular-film/src/app/header/header.component.scss
> git status -z -u
> git symbolic-ref --short HEAD
> git rev-parse master
> git rev-parse --symbolic-full-name master@{u}
fatal: no upstream configured for branch 'master'
> git for-each-ref --sort -committerdate --format %(refname) %(objectname)
> git remote --verbose
> git config --get commit.template
> git status -z -u
> git symbolic-ref --short HEAD
> git rev-parse master
> git rev-parse --symbolic-full-name master@{u}
fatal: no upstream configured for branch 'master'
> git for-each-ref --sort -committerdate --format %(refname) %(objectname)
> git remote --verbose
> git config --get commit.template
> git status -z -u
> git symbolic-ref --short HEAD
> git rev-parse master
> git rev-parse --symbolic-full-name master@{u}
fatal: no upstream configured for branch 'master'
> git for-each-ref --sort -committerdate --format %(refname) %(objectname)
> git remote --verbose
> git config --get commit.template
> git show --textconv :angular.json
> git ls-files --stage -- /home/trungtin/Coding/angular-film/angular.json
> git cat-file -s b49e9beeeacd620ea0a41ba1dd1a07e344e857c1
> git check-ignore -v -z --stdin
> git check-ignore -v -z --stdin
> git check-ignore -v -z --stdin
> git check-ignore -v -z --stdin
> git check-ignore -v -z --stdin
> git check-ignore -v -z --stdin
> git check-ignore -v -z --stdin
> git check-ignore -v -z --stdin
> git check-ignore -v -z --stdin
> git check-ignore -v -z --stdin
> git check-ignore -v -z --stdin
> git check-ignore -v -z --stdin
> git status -z -u
> git symbolic-ref --short HEAD
> git rev-parse master
> git rev-parse --symbolic-full-name master@{u}
fatal: no upstream configured for branch 'master'
> git for-each-ref --sort -committerdate --format %(refname) %(objectname)
> git remote --verbose
> git config --get commit.template
> git show --textconv :node_modules/reset-css/sass/_reset.scss
> git ls-files --stage -- /home/trungtin/Coding/angular-film/node_modules/reset-css/sass/_reset.scss
> git check-ignore -v -z --stdin
> git show --textconv :angular.json
> git ls-files --stage -- /home/trungtin/Coding/angular-film/angular.json
> git cat-file -s b49e9beeeacd620ea0a41ba1dd1a07e344e857c1
> git status -z -u
> git symbolic-ref --short HEAD
> git rev-parse master
> git rev-parse --symbolic-full-name master@{u}
fatal: no upstream configured for branch 'master'
> git for-each-ref --sort -committerdate --format %(refname) %(objectname)
> git remote --verbose
> git config --get commit.template
> git show --textconv :src/app/header/header.component.scss
> git ls-files --stage -- /home/trungtin/Coding/angular-film/src/app/header/header.component.scss
> git show --textconv :src/styles.scss
> git ls-files --stage -- /home/trungtin/Coding/angular-film/src/styles.scss
> git cat-file -s 90d4ee0072ce3fc41812f8af910219f9eea3c3de
> git status -z -u
> git symbolic-ref --short HEAD
> git rev-parse master
> git rev-parse --symbolic-full-name master@{u}
fatal: no upstream configured for branch 'master'
> git for-each-ref --sort -committerdate --format %(refname) %(objectname)
> git remote --verbose
> git config --get commit.template
> git status -z -u
> git symbolic-ref --short HEAD
> git rev-parse master
> git rev-parse --symbolic-full-name master@{u}
fatal: no upstream configured for branch 'master'
> git for-each-ref --sort -committerdate --format %(refname) %(objectname)
> git remote --verbose
> git config --get commit.template
> git show --textconv :src/app/header/header.component.scss
> git ls-files --stage -- /home/trungtin/Coding/angular-film/src/app/header/header.component.scss
> git status -z -u
> git symbolic-ref --short HEAD
> git rev-parse master
> git rev-parse --symbolic-full-name master@{u}
fatal: no upstream configured for branch 'master'
> git for-each-ref --sort -committerdate --format %(refname) %(objectname)
> git remote --verbose
> git config --get commit.template
> git status -z -u
> git symbolic-ref --short HEAD
> git rev-parse master
> git rev-parse --symbolic-full-name master@{u}
fatal: no upstream configured for branch 'master'
> git for-each-ref --sort -committerdate --format %(refname) %(objectname)
> git remote --verbose
> git config --get commit.template
> git check-ignore -v -z --stdin
> git log --format=%H%n%aN%n%aE%n%at%n%ct%n%P%n%B -z -n21 -- /home/trungtin/Coding/angular-film/src/app/header/header.component.scss
> git show --textconv :src/assets/_colours.scss
> git ls-files --stage -- /home/trungtin/Coding/angular-film/src/assets/_colours.scss
> git show --textconv :src/app/header/header.component.scss
> git ls-files --stage -- /home/trungtin/Coding/angular-film/src/app/header/header.component.scss
> git status -z -u
> git symbolic-ref --short HEAD
> git rev-parse master
> git rev-parse --symbolic-full-name master@{u}
fatal: no upstream configured for branch 'master'
> git for-each-ref --sort -committerdate --format %(refname) %(objectname)
> git remote --verbose
> git config --get commit.template
> git show --textconv :angular.json
> git ls-files --stage -- /home/trungtin/Coding/angular-film/angular.json
> git cat-file -s b49e9beeeacd620ea0a41ba1dd1a07e344e857c1
> git status -z -u
> git symbolic-ref --short HEAD
> git rev-parse master
> git rev-parse --symbolic-full-name master@{u}
fatal: no upstream configured for branch 'master'
> git for-each-ref --sort -committerdate --format %(refname) %(objectname)
> git remote --verbose
> git config --get commit.template
> git status -z -u
> git symbolic-ref --short HEAD
> git rev-parse master
> git rev-parse --symbolic-full-name master@{u}
fatal: no upstream configured for branch 'master'
> git for-each-ref --sort -committerdate --format %(refname) %(objectname)
> git remote --verbose
> git config --get commit.template
> git status -z -u
> git symbolic-ref --short HEAD
> git rev-parse master
> git rev-parse --symbolic-full-name master@{u}
fatal: no upstream configured for branch 'master'
> git for-each-ref --sort -committerdate --format %(refname) %(objectname)
> git remote --verbose
> git config --get commit.template
> git show --textconv :src/app/header/header.component.scss
> git ls-files --stage -- /home/trungtin/Coding/angular-film/src/app/header/header.component.scss
> git status -z -u
> git symbolic-ref --short HEAD
> git rev-parse master
> git rev-parse --symbolic-full-name master@{u}
fatal: no upstream configured for branch 'master'
> git for-each-ref --sort -committerdate --format %(refname) %(objectname)
> git remote --verbose
> git config --get commit.template
> git status -z -u
> git symbolic-ref --short HEAD
> git rev-parse master
> git rev-parse --symbolic-full-name master@{u}
fatal: no upstream configured for branch 'master'
> git for-each-ref --sort -committerdate --format %(refname) %(objectname)
> git remote --verbose
> git config --get commit.template
> git status -z -u
> git symbolic-ref --short HEAD
> git rev-parse master
> git rev-parse --symbolic-full-name master@{u}
fatal: no upstream configured for branch 'master'
> git for-each-ref --sort -committerdate --format %(refname) %(objectname)
> git remote --verbose
> git config --get commit.template
> git status -z -u
> git symbolic-ref --short HEAD
> git rev-parse master
> git rev-parse --symbolic-full-name master@{u}
fatal: no upstream configured for branch 'master'
> git for-each-ref --sort -committerdate --format %(refname) %(objectname)
> git remote --verbose
> git config --get commit.template
> git status -z -u
> git symbolic-ref --short HEAD
> git rev-parse master
> git rev-parse --symbolic-full-name master@{u}
fatal: no upstream configured for branch 'master'
> git for-each-ref --sort -committerdate --format %(refname) %(objectname)
> git remote --verbose
> git config --get commit.template
> git status -z -u
> git symbolic-ref --short HEAD
> git rev-parse master
> git rev-parse --symbolic-full-name master@{u}
fatal: no upstream configured for branch 'master'
> git for-each-ref --sort -committerdate --format %(refname) %(objectname)
> git remote --verbose
> git config --get commit.template
> git status -z -u
> git symbolic-ref --short HEAD
> git rev-parse master
> git rev-parse --symbolic-full-name master@{u}
fatal: no upstream configured for branch 'master'
> git for-each-ref --sort -committerdate --format %(refname) %(objectname)
> git remote --verbose
> git config --get commit.template
> git status -z -u
> git symbolic-ref --short HEAD
> git rev-parse master
> git rev-parse --symbolic-full-name master@{u}
fatal: no upstream configured for branch 'master'
> git for-each-ref --sort -committerdate --format %(refname) %(objectname)
> git remote --verbose
> git config --get commit.template
> git show --textconv :angular.json
> git ls-files --stage -- /home/trungtin/Coding/angular-film/angular.json
> git cat-file -s b49e9beeeacd620ea0a41ba1dd1a07e344e857c1
> git status -z -u
> git symbolic-ref --short HEAD
> git rev-parse master
> git rev-parse --symbolic-full-name master@{u}
fatal: no upstream configured for branch 'master'
> git for-each-ref --sort -committerdate --format %(refname) %(objectname)
> git remote --verbose
> git config --get commit.template
> git show --textconv :src/app/header/header.component.scss
> git ls-files --stage -- /home/trungtin/Coding/angular-film/src/app/header/header.component.scss
> git status -z -u
> git symbolic-ref --short HEAD
> git rev-parse master
> git rev-parse --symbolic-full-name master@{u}
fatal: no upstream configured for branch 'master'
> git for-each-ref --sort -committerdate --format %(refname) %(objectname)
> git remote --verbose
> git config --get commit.template
> git status -z -u
> git symbolic-ref --short HEAD
> git rev-parse master
> git rev-parse --symbolic-full-name master@{u}
fatal: no upstream configured for branch 'master'
> git for-each-ref --sort -committerdate --format %(refname) %(objectname)
> git remote --verbose
> git config --get commit.template
> git show --textconv :angular.json
> git ls-files --stage -- /home/trungtin/Coding/angular-film/angular.json
> git cat-file -s b49e9beeeacd620ea0a41ba1dd1a07e344e857c1
> git check-ignore -v -z --stdin
> git check-ignore -v -z --stdin
> git check-ignore -v -z --stdin
> git check-ignore -v -z --stdin
> git check-ignore -v -z --stdin
> git check-ignore -v -z --stdin
> git check-ignore -v -z --stdin
> git status -z -u
> git symbolic-ref --short HEAD
> git rev-parse master
> git rev-parse --symbolic-full-name master@{u}
fatal: no upstream configured for branch 'master'
> git for-each-ref --sort -committerdate --format %(refname) %(objectname)
> git remote --verbose
> git config --get commit.template
> git show --textconv :src/app/header/header.component.scss
> git ls-files --stage -- /home/trungtin/Coding/angular-film/src/app/header/header.component.scss
> git show --textconv :angular.json
> git ls-files --stage -- /home/trungtin/Coding/angular-film/angular.json
> git cat-file -s b49e9beeeacd620ea0a41ba1dd1a07e344e857c1
> git status -z -u
> git symbolic-ref --short HEAD
> git rev-parse master
> git rev-parse --symbolic-full-name master@{u}
fatal: no upstream configured for branch 'master'
> git for-each-ref --sort -committerdate --format %(refname) %(objectname)
> git remote --verbose
> git config --get commit.template
> git status -z -u
> git symbolic-ref --short HEAD
> git rev-parse master
> git rev-parse --symbolic-full-name master@{u}
fatal: no upstream configured for branch 'master'
> git for-each-ref --sort -committerdate --format %(refname) %(objectname)
> git remote --verbose
> git config --get commit.template
> git show --textconv :src/app/header/header.component.scss
> git ls-files --stage -- /home/trungtin/Coding/angular-film/src/app/header/header.component.scss
> git show --textconv :src/app/header/header.component.scss
> git ls-files --stage -- /home/trungtin/Coding/angular-film/src/app/header/header.component.scss
> git show --textconv :src/assets/_colours.scss
> git ls-files --stage -- /home/trungtin/Coding/angular-film/src/assets/_colours.scss
> git show --textconv :src/app/header/header.component.scss
> git ls-files --stage -- /home/trungtin/Coding/angular-film/src/app/header/header.component.scss
> git show --textconv :src/assets/_colours.scss
> git ls-files --stage -- /home/trungtin/Coding/angular-film/src/assets/_colours.scss
> git show --textconv :src/app/header/header.component.scss
> git ls-files --stage -- /home/trungtin/Coding/angular-film/src/app/header/header.component.scss
> git status -z -u
> git symbolic-ref --short HEAD
> git rev-parse master
> git rev-parse --symbolic-full-name master@{u}
fatal: no upstream configured for branch 'master'
> git for-each-ref --sort -committerdate --format %(refname) %(objectname)
> git remote --verbose
> git config --get commit.template
> git status -z -u
> git symbolic-ref --short HEAD
> git rev-parse master
> git rev-parse --symbolic-full-name master@{u}
fatal: no upstream configured for branch 'master'
> git for-each-ref --sort -committerdate --format %(refname) %(objectname)
> git remote --verbose
> git config --get commit.template
> git show --textconv :src/assets/_colours.scss
> git ls-files --stage -- /home/trungtin/Coding/angular-film/src/assets/_colours.scss
> git show --textconv :src/app/header/header.component.scss
> git ls-files --stage -- /home/trungtin/Coding/angular-film/src/app/header/header.component.scss
> git status -z -u
> git symbolic-ref --short HEAD
> git rev-parse master
> git rev-parse --symbolic-full-name master@{u}
fatal: no upstream configured for branch 'master'
> git for-each-ref --sort -committerdate --format %(refname) %(objectname)
> git remote --verbose
> git config --get commit.template
> git show --textconv :src/assets/_colours.scss
> git ls-files --stage -- /home/trungtin/Coding/angular-film/src/assets/_colours.scss
> git show --textconv :src/app/header/header.component.scss
> git ls-files --stage -- /home/trungtin/Coding/angular-film/src/app/header/header.component.scss
> git status -z -u
> git symbolic-ref --short HEAD
> git rev-parse master
> git rev-parse --symbolic-full-name master@{u}
fatal: no upstream configured for branch 'master'
> git for-each-ref --sort -committerdate --format %(refname) %(objectname)
> git remote --verbose
> git config --get commit.template
> git status -z -u
> git symbolic-ref --short HEAD
> git rev-parse master
> git rev-parse --symbolic-full-name master@{u}
fatal: no upstream configured for branch 'master'
> git for-each-ref --sort -committerdate --format %(refname) %(objectname)
> git remote --verbose
> git config --get commit.template
> git show --textconv :src/assets/_colours.scss
> git ls-files --stage -- /home/trungtin/Coding/angular-film/src/assets/_colours.scss
> git show --textconv :src/app/header/header.component.scss
> git ls-files --stage -- /home/trungtin/Coding/angular-film/src/app/header/header.component.scss
> git show --textconv :src/assets/_colours.scss
> git ls-files --stage -- /home/trungtin/Coding/angular-film/src/assets/_colours.scss
> git show --textconv :src/app/header/header.component.scss
> git ls-files --stage -- /home/trungtin/Coding/angular-film/src/app/header/header.component.scss
> git status -z -u
> git symbolic-ref --short HEAD
> git rev-parse master
> git rev-parse --symbolic-full-name master@{u}
fatal: no upstream configured for branch 'master'
> git for-each-ref --sort -committerdate --format %(refname) %(objectname)
> git remote --verbose
> git config --get commit.template
> git show --textconv :src/assets/_colours.scss
> git ls-files --stage -- /home/trungtin/Coding/angular-film/src/assets/_colours.scss
> git show --textconv :src/app/header/header.component.scss
> git ls-files --stage -- /home/trungtin/Coding/angular-film/src/app/header/header.component.scss
> git show --textconv :src/assets/_colours.scss
> git ls-files --stage -- /home/trungtin/Coding/angular-film/src/assets/_colours.scss
> git show --textconv :src/app/header/header.component.scss
> git ls-files --stage -- /home/trungtin/Coding/angular-film/src/app/header/header.component.scss
> git status -z -u
> git symbolic-ref --short HEAD
> git rev-parse master
> git rev-parse --symbolic-full-name master@{u}
fatal: no upstream configured for branch 'master'
> git for-each-ref --sort -committerdate --format %(refname) %(objectname)
> git remote --verbose
> git config --get commit.template
> git status -z -u
> git symbolic-ref --short HEAD
> git rev-parse master
> git rev-parse --symbolic-full-name master@{u}
fatal: no upstream configured for branch 'master'
> git for-each-ref --sort -committerdate --format %(refname) %(objectname)
> git remote --verbose
> git config --get commit.template
> git status -z -u
> git symbolic-ref --short HEAD
> git rev-parse master
> git rev-parse --symbolic-full-name master@{u}
fatal: no upstream configured for branch 'master'
> git for-each-ref --sort -committerdate --format %(refname) %(objectname)
> git remote --verbose
> git config --get commit.template
> git status -z -u
> git symbolic-ref --short HEAD
> git rev-parse master
> git rev-parse --symbolic-full-name master@{u}
fatal: no upstream configured for branch 'master'
> git for-each-ref --sort -committerdate --format %(refname) %(objectname)
> git remote --verbose
> git config --get commit.template
> git status -z -u
> git symbolic-ref --short HEAD
> git rev-parse master
> git rev-parse --symbolic-full-name master@{u}
fatal: no upstream configured for branch 'master'
> git for-each-ref --sort -committerdate --format %(refname) %(objectname)
> git remote --verbose
> git config --get commit.template
> git status -z -u
> git symbolic-ref --short HEAD
> git rev-parse master
> git rev-parse --symbolic-full-name master@{u}
fatal: no upstream configured for branch 'master'
> git for-each-ref --sort -committerdate --format %(refname) %(objectname)
> git remote --verbose
> git config --get commit.template
> git status -z -u
> git symbolic-ref --short HEAD
> git rev-parse master
> git rev-parse --symbolic-full-name master@{u}
fatal: no upstream configured for branch 'master'
> git for-each-ref --sort -committerdate --format %(refname) %(objectname)
> git remote --verbose
> git config --get commit.template
> git status -z -u
> git symbolic-ref --short HEAD
> git rev-parse master
> git rev-parse --symbolic-full-name master@{u}
fatal: no upstream configured for branch 'master'
> git for-each-ref --sort -committerdate --format %(refname) %(objectname)
> git remote --verbose
> git config --get commit.template
> git status -z -u
> git symbolic-ref --short HEAD
> git rev-parse master
> git rev-parse --symbolic-full-name master@{u}
fatal: no upstream configured for branch 'master'
> git for-each-ref --sort -committerdate --format %(refname) %(objectname)
> git remote --verbose
> git config --get commit.template
> git show --textconv :src/assets/_colours.scss
> git ls-files --stage -- /home/trungtin/Coding/angular-film/src/assets/_colours.scss
> git show --textconv :src/app/header/header.component.scss
> git ls-files --stage -- /home/trungtin/Coding/angular-film/src/app/header/header.component.scss
> git show --textconv :src/assets/_colours.scss
> git ls-files --stage -- /home/trungtin/Coding/angular-film/src/assets/_colours.scss
> git show --textconv :src/app/header/header.component.scss
> git ls-files --stage -- /home/trungtin/Coding/angular-film/src/app/header/header.component.scss
> git show --textconv :src/assets/_colours.scss
> git ls-files --stage -- /home/trungtin/Coding/angular-film/src/assets/_colours.scss
> git status -z -u
> git symbolic-ref --short HEAD
> git rev-parse master
> git rev-parse --symbolic-full-name master@{u}
fatal: no upstream configured for branch 'master'
> git for-each-ref --sort -committerdate --format %(refname) %(objectname)
> git remote --verbose
> git config --get commit.template
> git show --textconv :src/app/header/header.component.scss
> git ls-files --stage -- /home/trungtin/Coding/angular-film/src/app/header/header.component.scss
> git show --textconv :src/assets/_colours.scss
> git ls-files --stage -- /home/trungtin/Coding/angular-film/src/assets/_colours.scss
> git show --textconv :src/app/header/header.component.scss
> git ls-files --stage -- /home/trungtin/Coding/angular-film/src/app/header/header.component.scss
> git show --textconv :src/assets/_colours.scss
> git ls-files --stage -- /home/trungtin/Coding/angular-film/src/assets/_colours.scss
> git show --textconv :src/app/header/header.component.scss
> git ls-files --stage -- /home/trungtin/Coding/angular-film/src/app/header/header.component.scss
> git show --textconv :src/assets/_colours.scss
> git ls-files --stage -- /home/trungtin/Coding/angular-film/src/assets/_colours.scss
> git show --textconv :src/app/header/header.component.scss
> git ls-files --stage -- /home/trungtin/Coding/angular-film/src/app/header/header.component.scss
> git status -z -u
> git symbolic-ref --short HEAD
> git rev-parse master
> git rev-parse --symbolic-full-name master@{u}
fatal: no upstream configured for branch 'master'
> git for-each-ref --sort -committerdate --format %(refname) %(objectname)
> git remote --verbose
> git config --get commit.template
> git status -z -u
> git symbolic-ref --short HEAD
> git rev-parse master
> git rev-parse --symbolic-full-name master@{u}
fatal: no upstream configured for branch 'master'
> git for-each-ref --sort -committerdate --format %(refname) %(objectname)
> git remote --verbose
> git config --get commit.template
> git show --textconv :src/styles.scss
> git ls-files --stage -- /home/trungtin/Coding/angular-film/src/styles.scss
> git cat-file -s 90d4ee0072ce3fc41812f8af910219f9eea3c3de
> git status -z -u
> git symbolic-ref --short HEAD
> git rev-parse master
> git rev-parse --symbolic-full-name master@{u}
fatal: no upstream configured for branch 'master'
> git for-each-ref --sort -committerdate --format %(refname) %(objectname)
> git remote --verbose
> git config --get commit.template
> git status -z -u
> git symbolic-ref --short HEAD
> git rev-parse master
> git rev-parse --symbolic-full-name master@{u}
fatal: no upstream configured for branch 'master'
> git for-each-ref --sort -committerdate --format %(refname) %(objectname)
> git remote --verbose
> git config --get commit.template
> git status -z -u
> git symbolic-ref --short HEAD
> git rev-parse master
> git rev-parse --symbolic-full-name master@{u}
fatal: no upstream configured for branch 'master'
> git for-each-ref --sort -committerdate --format %(refname) %(objectname)
> git remote --verbose
> git config --get commit.template
