Info 0    [7:22:16.914] Format host information updated
Info 1    [7:22:16.915] reload projects.
Info 2    [7:22:16.915] Before ensureProjectForOpenFiles:
Info 3    [7:22:16.915] After ensureProjectForOpenFiles:
Info 4    [7:22:16.915] Host file extension mappings updated
Info 5    [7:22:16.935] Search path: /home/trungtin/Coding/angular-tour-of-heroes/src/app/heroes
Info 6    [7:22:16.936] For info: /home/trungtin/Coding/angular-tour-of-heroes/src/app/heroes/heroes.component.html :: Config file name: /home/trungtin/Coding/angular-tour-of-heroes/tsconfig.json
Info 7    [7:22:16.937] Opened configuration file /home/trungtin/Coding/angular-tour-of-heroes/tsconfig.json
Info 8    [7:22:16.962] Config: /home/trungtin/Coding/angular-tour-of-heroes/tsconfig.json : {
 "rootNames": [
  "/home/trungtin/Coding/angular-tour-of-heroes/e2e/src/app.e2e-spec.ts",
  "/home/trungtin/Coding/angular-tour-of-heroes/e2e/src/app.po.ts",
  "/home/trungtin/Coding/angular-tour-of-heroes/src/main.ts",
  "/home/trungtin/Coding/angular-tour-of-heroes/src/polyfills.ts",
  "/home/trungtin/Coding/angular-tour-of-heroes/src/test.ts",
  "/home/trungtin/Coding/angular-tour-of-heroes/src/app/app.component.spec.ts",
  "/home/trungtin/Coding/angular-tour-of-heroes/src/app/app.component.ts",
  "/home/trungtin/Coding/angular-tour-of-heroes/src/app/app.module.ts",
  "/home/trungtin/Coding/angular-tour-of-heroes/src/app/hero.ts",
  "/home/trungtin/Coding/angular-tour-of-heroes/src/app/mock-heroes.ts",
  "/home/trungtin/Coding/angular-tour-of-heroes/src/app/heroes/heroes.component.spec.ts",
  "/home/trungtin/Coding/angular-tour-of-heroes/src/app/heroes/heroes.component.ts",
  "/home/trungtin/Coding/angular-tour-of-heroes/src/environments/environment.prod.ts",
  "/home/trungtin/Coding/angular-tour-of-heroes/src/environments/environment.ts"
 ],
 "options": {
  "baseUrl": "/home/trungtin/Coding/angular-tour-of-heroes",
  "outDir": "/home/trungtin/Coding/angular-tour-of-heroes/dist/out-tsc",
  "sourceMap": true,
  "declaration": false,
  "downlevelIteration": true,
  "experimentalDecorators": true,
  "moduleResolution": 2,
  "importHelpers": true,
  "target": 2,
  "module": 6,
  "lib": [
   "lib.es2018.d.ts",
   "lib.dom.d.ts"
  ],
  "configFilePath": "/home/trungtin/Coding/angular-tour-of-heroes/tsconfig.json"
 }
}
Info 9    [7:22:18.674] Loading global plugin @angular/language-service
Info 10   [7:22:18.675] Enabling plugin @angular/language-service from candidate paths: /home/trungtin/.vscode-oss/extensions/angular.ng-template-0.1001.0/server/node_modules/@angular/language-service/bundles/language-service.js,/home/trungtin/.vscode-oss/extensions/angular.ng-template-0.1001.0/node_modules/typescript/lib/tsserverlibrary.js/../../..
Info 11   [7:22:18.675] Loading @angular/language-service from /home/trungtin/.vscode-oss/extensions/angular.ng-template-0.1001.0/server/node_modules/@angular/language-service/bundles/language-service.js (resolved to /home/trungtin/.vscode-oss/extensions/angular.ng-template-0.1001.0/server/node_modules/@angular/language-service/bundles/language-service.js/node_modules)
Info 12   [7:22:18.740] Plugin validation succeded
Info 13   [7:22:18.779] Starting updateGraphWorker: Project: /home/trungtin/Coding/angular-tour-of-heroes/tsconfig.json
Info 14   [7:22:22.23] Finishing updateGraphWorker: Project: /home/trungtin/Coding/angular-tour-of-heroes/tsconfig.json Version: 1 structureChanged: true Elapsed: 3244ms
Info 15   [7:22:22.23] Project '/home/trungtin/Coding/angular-tour-of-heroes/tsconfig.json' (Configured)
Info 16   [7:22:22.23] 	Files (308)

Info 17   [7:22:22.23] -----------------------------------------------
Info 18   [7:22:22.40] Starting updateGraphWorker: Project: /dev/null/autoImportProviderProject1*
Info 19   [7:22:22.402] Finishing updateGraphWorker: Project: /dev/null/autoImportProviderProject1* Version: 1 structureChanged: true Elapsed: 362ms
Info 20   [7:22:22.402] Project '/dev/null/autoImportProviderProject1*' (AutoImportProvider)
Info 21   [7:22:22.402] 	Files (70)

Info 22   [7:22:22.402] -----------------------------------------------
Info 23   [7:22:22.403] Starting updateGraphWorker: Project: /home/trungtin/Coding/angular-tour-of-heroes/tsconfig.json
Info 24   [7:22:22.405] Finishing updateGraphWorker: Project: /home/trungtin/Coding/angular-tour-of-heroes/tsconfig.json Version: 2 structureChanged: false Elapsed: 2ms
Info 25   [7:22:23.541] Starting updateGraphWorker: Project: /home/trungtin/Coding/angular-tour-of-heroes/tsconfig.json
Info 26   [7:22:23.547] Finishing updateGraphWorker: Project: /home/trungtin/Coding/angular-tour-of-heroes/tsconfig.json Version: 3 structureChanged: false Elapsed: 6ms
Info 27   [7:22:35.383] Starting updateGraphWorker: Project: /home/trungtin/Coding/angular-tour-of-heroes/tsconfig.json
Info 28   [7:22:35.389] Finishing updateGraphWorker: Project: /home/trungtin/Coding/angular-tour-of-heroes/tsconfig.json Version: 4 structureChanged: false Elapsed: 6ms
Info 29   [7:22:40.678] Starting updateGraphWorker: Project: /home/trungtin/Coding/angular-tour-of-heroes/tsconfig.json
Info 30   [7:22:40.681] Finishing updateGraphWorker: Project: /home/trungtin/Coding/angular-tour-of-heroes/tsconfig.json Version: 5 structureChanged: false Elapsed: 3ms
Info 31   [7:22:41.351] Starting updateGraphWorker: Project: /home/trungtin/Coding/angular-tour-of-heroes/tsconfig.json
Info 32   [7:22:41.360] Finishing updateGraphWorker: Project: /home/trungtin/Coding/angular-tour-of-heroes/tsconfig.json Version: 6 structureChanged: false Elapsed: 9ms
Info 33   [7:22:44.886] Starting updateGraphWorker: Project: /home/trungtin/Coding/angular-tour-of-heroes/tsconfig.json
Info 34   [7:22:44.896] Finishing updateGraphWorker: Project: /home/trungtin/Coding/angular-tour-of-heroes/tsconfig.json Version: 7 structureChanged: false Elapsed: 10ms
Info 35   [7:22:45.194] Starting updateGraphWorker: Project: /home/trungtin/Coding/angular-tour-of-heroes/tsconfig.json
Info 36   [7:22:45.200] Finishing updateGraphWorker: Project: /home/trungtin/Coding/angular-tour-of-heroes/tsconfig.json Version: 8 structureChanged: false Elapsed: 6ms
Info 37   [7:22:45.449] Starting updateGraphWorker: Project: /home/trungtin/Coding/angular-tour-of-heroes/tsconfig.json
Info 38   [7:22:45.460] Finishing updateGraphWorker: Project: /home/trungtin/Coding/angular-tour-of-heroes/tsconfig.json Version: 9 structureChanged: false Elapsed: 11ms
Info 39   [7:22:46.413] Starting updateGraphWorker: Project: /home/trungtin/Coding/angular-tour-of-heroes/tsconfig.json
Info 40   [7:22:46.423] Finishing updateGraphWorker: Project: /home/trungtin/Coding/angular-tour-of-heroes/tsconfig.json Version: 10 structureChanged: false Elapsed: 10ms
Info 41   [7:22:46.799] Starting updateGraphWorker: Project: /home/trungtin/Coding/angular-tour-of-heroes/tsconfig.json
Info 42   [7:22:46.803] Finishing updateGraphWorker: Project: /home/trungtin/Coding/angular-tour-of-heroes/tsconfig.json Version: 11 structureChanged: false Elapsed: 4ms
Info 43   [7:22:47.91] Starting updateGraphWorker: Project: /home/trungtin/Coding/angular-tour-of-heroes/tsconfig.json
Info 44   [7:22:47.96] Finishing updateGraphWorker: Project: /home/trungtin/Coding/angular-tour-of-heroes/tsconfig.json Version: 12 structureChanged: false Elapsed: 3ms
Info 45   [7:22:50.694] Starting updateGraphWorker: Project: /home/trungtin/Coding/angular-tour-of-heroes/tsconfig.json
Info 46   [7:22:50.699] Finishing updateGraphWorker: Project: /home/trungtin/Coding/angular-tour-of-heroes/tsconfig.json Version: 13 structureChanged: false Elapsed: 5ms
Info 47   [7:22:54.79] Starting updateGraphWorker: Project: /home/trungtin/Coding/angular-tour-of-heroes/tsconfig.json
Info 48   [7:22:54.83] Finishing updateGraphWorker: Project: /home/trungtin/Coding/angular-tour-of-heroes/tsconfig.json Version: 14 structureChanged: false Elapsed: 4ms
Info 49   [7:22:55.613] Starting updateGraphWorker: Project: /home/trungtin/Coding/angular-tour-of-heroes/tsconfig.json
Info 50   [7:22:55.617] Finishing updateGraphWorker: Project: /home/trungtin/Coding/angular-tour-of-heroes/tsconfig.json Version: 15 structureChanged: false Elapsed: 4ms
Info 51   [7:22:56.196] Starting updateGraphWorker: Project: /home/trungtin/Coding/angular-tour-of-heroes/tsconfig.json
Info 52   [7:22:56.202] Finishing updateGraphWorker: Project: /home/trungtin/Coding/angular-tour-of-heroes/tsconfig.json Version: 16 structureChanged: false Elapsed: 6ms
Info 53   [7:23:7.414] Starting updateGraphWorker: Project: /home/trungtin/Coding/angular-tour-of-heroes/tsconfig.json
Info 54   [7:23:7.419] Finishing updateGraphWorker: Project: /home/trungtin/Coding/angular-tour-of-heroes/tsconfig.json Version: 17 structureChanged: false Elapsed: 5ms
Info 55   [7:46:13.353] FileWatcher:: Triggered with /home/trungtin/Coding/angular-tour-of-heroes/src/app/app.module.ts 1:: WatchInfo: /home/trungtin/Coding/angular-tour-of-heroes/src/app/app.module.ts 500 undefined Project:  WatchType: Closed Script info
Info 56   [7:46:13.354] Elapsed:: 1ms FileWatcher:: Triggered with /home/trungtin/Coding/angular-tour-of-heroes/src/app/app.module.ts 1:: WatchInfo: /home/trungtin/Coding/angular-tour-of-heroes/src/app/app.module.ts 500 undefined Project:  WatchType: Closed Script info
Info 57   [7:46:13.604] Starting updateGraphWorker: Project: /home/trungtin/Coding/angular-tour-of-heroes/tsconfig.json
Info 58   [7:46:13.693] Finishing updateGraphWorker: Project: /home/trungtin/Coding/angular-tour-of-heroes/tsconfig.json Version: 18 structureChanged: true Elapsed: 89ms
Info 59   [7:46:13.693] Project '/home/trungtin/Coding/angular-tour-of-heroes/tsconfig.json' (Configured)
Info 60   [7:46:13.693] 	Files (309)

Info 61   [7:46:13.693] -----------------------------------------------
Info 62   [7:46:13.693] Project '/dev/null/autoImportProviderProject1*' (AutoImportProvider)
Info 63   [7:46:13.693] 	Files (70)

Info 64   [7:46:13.693] -----------------------------------------------
Info 65   [7:46:14.354] DirectoryWatcher:: Triggered with /home/trungtin/Coding/angular-tour-of-heroes :: WatchInfo: /home/trungtin/Coding/angular-tour-of-heroes 1 undefined Project: /home/trungtin/Coding/angular-tour-of-heroes/tsconfig.json WatchType: Wild card directory
Info 66   [7:46:14.354] Elapsed:: 0ms DirectoryWatcher:: Triggered with /home/trungtin/Coding/angular-tour-of-heroes :: WatchInfo: /home/trungtin/Coding/angular-tour-of-heroes 1 undefined Project: /home/trungtin/Coding/angular-tour-of-heroes/tsconfig.json WatchType: Wild card directory
Info 67   [7:46:14.354] DirectoryWatcher:: Triggered with /home/trungtin/Coding/angular-tour-of-heroes/src :: WatchInfo: /home/trungtin/Coding/angular-tour-of-heroes/src 1 undefined Project: /home/trungtin/Coding/angular-tour-of-heroes/tsconfig.json WatchType: Failed Lookup Locations
Info 68   [7:46:14.354] Elapsed:: 0ms DirectoryWatcher:: Triggered with /home/trungtin/Coding/angular-tour-of-heroes/src :: WatchInfo: /home/trungtin/Coding/angular-tour-of-heroes/src 1 undefined Project: /home/trungtin/Coding/angular-tour-of-heroes/tsconfig.json WatchType: Failed Lookup Locations
Info 69   [7:46:14.633] Starting updateGraphWorker: Project: /home/trungtin/Coding/angular-tour-of-heroes/tsconfig.json
Info 70   [7:46:14.633] Finishing updateGraphWorker: Project: /home/trungtin/Coding/angular-tour-of-heroes/tsconfig.json Version: 19 structureChanged: false Elapsed: 0ms
Info 71   [7:46:14.633] Project '/home/trungtin/Coding/angular-tour-of-heroes/tsconfig.json' (Configured)
Info 72   [7:46:14.633] 	Files (309)

Info 73   [7:46:14.633] -----------------------------------------------
Info 74   [7:46:14.633] Project '/dev/null/autoImportProviderProject1*' (AutoImportProvider)
Info 75   [7:46:14.633] 	Files (70)

Info 76   [7:46:14.633] -----------------------------------------------
Info 77   [7:46:17.117] Before ensureProjectForOpenFiles:
Info 78   [7:46:17.117] After ensureProjectForOpenFiles:
Info 79   [7:46:53.789] Search path: /home/trungtin/Coding/angular-tour-of-heroes/src/app/hero-detail
Info 80   [7:46:53.789] For info: /home/trungtin/Coding/angular-tour-of-heroes/src/app/hero-detail/hero-detail.component.ts :: Config file name: /home/trungtin/Coding/angular-tour-of-heroes/tsconfig.json
Info 81   [7:47:5.592] Search path: /home/trungtin/Coding/angular-tour-of-heroes/src/app/hero-detail
Info 82   [7:47:5.593] For info: /home/trungtin/Coding/angular-tour-of-heroes/src/app/hero-detail/hero-detail.component.html :: Config file name: /home/trungtin/Coding/angular-tour-of-heroes/tsconfig.json
Info 83   [7:47:5.593] Starting updateGraphWorker: Project: /home/trungtin/Coding/angular-tour-of-heroes/tsconfig.json
Info 84   [7:47:5.737] Finishing updateGraphWorker: Project: /home/trungtin/Coding/angular-tour-of-heroes/tsconfig.json Version: 20 structureChanged: true Elapsed: 144ms
Info 85   [7:47:5.737] Different program with same set of files:: oldProgram.structureIsReused:: 0
Info 86   [7:47:7.811] Starting updateGraphWorker: Project: /home/trungtin/Coding/angular-tour-of-heroes/tsconfig.json
Info 87   [7:47:7.860] Finishing updateGraphWorker: Project: /home/trungtin/Coding/angular-tour-of-heroes/tsconfig.json Version: 21 structureChanged: false Elapsed: 49ms
Info 88   [7:47:7.860] Different program with same set of files:: oldProgram.structureIsReused:: 2
Info 89   [7:47:9.355] Starting updateGraphWorker: Project: /home/trungtin/Coding/angular-tour-of-heroes/tsconfig.json
Info 90   [7:47:9.408] Finishing updateGraphWorker: Project: /home/trungtin/Coding/angular-tour-of-heroes/tsconfig.json Version: 22 structureChanged: false Elapsed: 53ms
Info 91   [7:47:9.408] Different program with same set of files:: oldProgram.structureIsReused:: 2
Info 92   [7:47:14.785] Starting updateGraphWorker: Project: /home/trungtin/Coding/angular-tour-of-heroes/tsconfig.json
Info 93   [7:47:14.835] Finishing updateGraphWorker: Project: /home/trungtin/Coding/angular-tour-of-heroes/tsconfig.json Version: 23 structureChanged: false Elapsed: 50ms
Info 94   [7:47:14.835] Different program with same set of files:: oldProgram.structureIsReused:: 2
Info 95   [7:48:9.253] Search path: /home/trungtin/Coding/angular-tour-of-heroes/src/app/heroes
Info 96   [7:48:9.253] For info: /home/trungtin/Coding/angular-tour-of-heroes/src/app/heroes/heroes.component.ts :: Config file name: /home/trungtin/Coding/angular-tour-of-heroes/tsconfig.json
Info 97   [7:48:9.253] Starting updateGraphWorker: Project: /home/trungtin/Coding/angular-tour-of-heroes/tsconfig.json
Info 98   [7:48:9.307] Finishing updateGraphWorker: Project: /home/trungtin/Coding/angular-tour-of-heroes/tsconfig.json Version: 24 structureChanged: false Elapsed: 54ms
Info 99   [7:48:9.307] Different program with same set of files:: oldProgram.structureIsReused:: 2
Info 100  [7:48:15.606] Search path: /home/trungtin/Coding/angular-tour-of-heroes/src/app/hero-detail
Info 101  [7:48:15.606] For info: /home/trungtin/Coding/angular-tour-of-heroes/src/app/hero-detail/hero-detail.component.ts :: Config file name: /home/trungtin/Coding/angular-tour-of-heroes/tsconfig.json
Info 102  [7:48:19.210] Starting updateGraphWorker: Project: /home/trungtin/Coding/angular-tour-of-heroes/tsconfig.json
Info 103  [7:48:19.255] Finishing updateGraphWorker: Project: /home/trungtin/Coding/angular-tour-of-heroes/tsconfig.json Version: 25 structureChanged: false Elapsed: 45ms
Info 104  [7:48:19.255] Different program with same set of files:: oldProgram.structureIsReused:: 2
Info 105  [7:48:19.486] Starting updateGraphWorker: Project: /home/trungtin/Coding/angular-tour-of-heroes/tsconfig.json
Info 106  [7:48:19.519] Finishing updateGraphWorker: Project: /home/trungtin/Coding/angular-tour-of-heroes/tsconfig.json Version: 26 structureChanged: false Elapsed: 33ms
Info 107  [7:48:19.519] Different program with same set of files:: oldProgram.structureIsReused:: 2
Info 108  [7:48:20.179] Starting updateGraphWorker: Project: /home/trungtin/Coding/angular-tour-of-heroes/tsconfig.json
Info 109  [7:48:20.240] Finishing updateGraphWorker: Project: /home/trungtin/Coding/angular-tour-of-heroes/tsconfig.json Version: 27 structureChanged: false Elapsed: 61ms
Info 110  [7:48:20.240] Different program with same set of files:: oldProgram.structureIsReused:: 2
Info 111  [7:48:20.475] Starting updateGraphWorker: Project: /home/trungtin/Coding/angular-tour-of-heroes/tsconfig.json
Info 112  [7:48:20.523] Finishing updateGraphWorker: Project: /home/trungtin/Coding/angular-tour-of-heroes/tsconfig.json Version: 28 structureChanged: false Elapsed: 48ms
Info 113  [7:48:20.523] Different program with same set of files:: oldProgram.structureIsReused:: 2
Info 114  [7:48:20.778] Starting updateGraphWorker: Project: /home/trungtin/Coding/angular-tour-of-heroes/tsconfig.json
Info 115  [7:48:20.841] Finishing updateGraphWorker: Project: /home/trungtin/Coding/angular-tour-of-heroes/tsconfig.json Version: 29 structureChanged: false Elapsed: 63ms
Info 116  [7:48:20.841] Different program with same set of files:: oldProgram.structureIsReused:: 2
Info 117  [7:48:20.873] Starting updateGraphWorker: Project: /home/trungtin/Coding/angular-tour-of-heroes/tsconfig.json
Info 118  [7:48:20.902] Finishing updateGraphWorker: Project: /home/trungtin/Coding/angular-tour-of-heroes/tsconfig.json Version: 30 structureChanged: false Elapsed: 29ms
Info 119  [7:48:20.902] Different program with same set of files:: oldProgram.structureIsReused:: 2
Info 120  [7:48:21.540] Starting updateGraphWorker: Project: /home/trungtin/Coding/angular-tour-of-heroes/tsconfig.json
Info 121  [7:48:21.568] Finishing updateGraphWorker: Project: /home/trungtin/Coding/angular-tour-of-heroes/tsconfig.json Version: 31 structureChanged: false Elapsed: 28ms
Info 122  [7:48:21.568] Different program with same set of files:: oldProgram.structureIsReused:: 2
Info 123  [7:48:21.770] Starting updateGraphWorker: Project: /home/trungtin/Coding/angular-tour-of-heroes/tsconfig.json
Info 124  [7:48:21.817] Finishing updateGraphWorker: Project: /home/trungtin/Coding/angular-tour-of-heroes/tsconfig.json Version: 32 structureChanged: false Elapsed: 46ms
Info 125  [7:48:21.817] Different program with same set of files:: oldProgram.structureIsReused:: 2
Info 126  [7:48:22.805] Starting updateGraphWorker: Project: /home/trungtin/Coding/angular-tour-of-heroes/tsconfig.json
Info 127  [7:48:22.851] Finishing updateGraphWorker: Project: /home/trungtin/Coding/angular-tour-of-heroes/tsconfig.json Version: 33 structureChanged: false Elapsed: 46ms
Info 128  [7:48:22.851] Different program with same set of files:: oldProgram.structureIsReused:: 2
Info 129  [7:48:22.875] Starting updateGraphWorker: Project: /home/trungtin/Coding/angular-tour-of-heroes/tsconfig.json
Info 130  [7:48:22.903] Finishing updateGraphWorker: Project: /home/trungtin/Coding/angular-tour-of-heroes/tsconfig.json Version: 34 structureChanged: false Elapsed: 28ms
Info 131  [7:48:22.903] Different program with same set of files:: oldProgram.structureIsReused:: 2
Info 132  [7:48:23.494] Starting updateGraphWorker: Project: /home/trungtin/Coding/angular-tour-of-heroes/tsconfig.json
Info 133  [7:48:23.516] Finishing updateGraphWorker: Project: /home/trungtin/Coding/angular-tour-of-heroes/tsconfig.json Version: 35 structureChanged: false Elapsed: 22ms
Info 134  [7:48:23.516] Different program with same set of files:: oldProgram.structureIsReused:: 2
Info 135  [7:48:23.760] Starting updateGraphWorker: Project: /home/trungtin/Coding/angular-tour-of-heroes/tsconfig.json
Info 136  [7:48:23.781] Finishing updateGraphWorker: Project: /home/trungtin/Coding/angular-tour-of-heroes/tsconfig.json Version: 36 structureChanged: false Elapsed: 21ms
Info 137  [7:48:23.781] Different program with same set of files:: oldProgram.structureIsReused:: 2
Info 138  [7:48:24.107] Starting updateGraphWorker: Project: /home/trungtin/Coding/angular-tour-of-heroes/tsconfig.json
Info 139  [7:48:24.209] Finishing updateGraphWorker: Project: /home/trungtin/Coding/angular-tour-of-heroes/tsconfig.json Version: 37 structureChanged: true Elapsed: 102ms
Info 140  [7:48:24.209] Different program with same set of files:: oldProgram.structureIsReused:: 1
Info 141  [7:48:24.814] Starting updateGraphWorker: Project: /home/trungtin/Coding/angular-tour-of-heroes/tsconfig.json
Info 142  [7:48:24.961] Finishing updateGraphWorker: Project: /home/trungtin/Coding/angular-tour-of-heroes/tsconfig.json Version: 38 structureChanged: true Elapsed: 147ms
Info 143  [7:48:24.961] Different program with same set of files:: oldProgram.structureIsReused:: 1
Info 144  [7:48:25.381] Starting updateGraphWorker: Project: /home/trungtin/Coding/angular-tour-of-heroes/tsconfig.json
Info 145  [7:48:25.451] Finishing updateGraphWorker: Project: /home/trungtin/Coding/angular-tour-of-heroes/tsconfig.json Version: 39 structureChanged: true Elapsed: 70ms
Info 146  [7:48:25.451] Different program with same set of files:: oldProgram.structureIsReused:: 1
Info 147  [7:48:25.932] Starting updateGraphWorker: Project: /home/trungtin/Coding/angular-tour-of-heroes/tsconfig.json
Info 148  [7:48:26.19] Finishing updateGraphWorker: Project: /home/trungtin/Coding/angular-tour-of-heroes/tsconfig.json Version: 40 structureChanged: true Elapsed: 87ms
Info 149  [7:48:26.19] Different program with same set of files:: oldProgram.structureIsReused:: 1
Info 150  [7:48:26.499] Starting updateGraphWorker: Project: /home/trungtin/Coding/angular-tour-of-heroes/tsconfig.json
Info 151  [7:48:26.575] Finishing updateGraphWorker: Project: /home/trungtin/Coding/angular-tour-of-heroes/tsconfig.json Version: 41 structureChanged: true Elapsed: 76ms
Info 152  [7:48:26.575] Different program with same set of files:: oldProgram.structureIsReused:: 1
Info 153  [7:48:27.210] Starting updateGraphWorker: Project: /home/trungtin/Coding/angular-tour-of-heroes/tsconfig.json
Info 154  [7:48:27.253] Finishing updateGraphWorker: Project: /home/trungtin/Coding/angular-tour-of-heroes/tsconfig.json Version: 42 structureChanged: false Elapsed: 43ms
Info 155  [7:48:27.253] Different program with same set of files:: oldProgram.structureIsReused:: 2
Info 156  [7:48:27.478] Starting updateGraphWorker: Project: /home/trungtin/Coding/angular-tour-of-heroes/tsconfig.json
Info 157  [7:48:27.520] Finishing updateGraphWorker: Project: /home/trungtin/Coding/angular-tour-of-heroes/tsconfig.json Version: 43 structureChanged: false Elapsed: 42ms
Info 158  [7:48:27.520] Different program with same set of files:: oldProgram.structureIsReused:: 2
Info 159  [7:48:28.97] Starting updateGraphWorker: Project: /home/trungtin/Coding/angular-tour-of-heroes/tsconfig.json
Info 160  [7:48:28.145] Finishing updateGraphWorker: Project: /home/trungtin/Coding/angular-tour-of-heroes/tsconfig.json Version: 44 structureChanged: false Elapsed: 48ms
Info 161  [7:48:28.145] Different program with same set of files:: oldProgram.structureIsReused:: 2
Info 162  [7:48:31.949] Starting updateGraphWorker: Project: /home/trungtin/Coding/angular-tour-of-heroes/tsconfig.json
Info 163  [7:48:31.970] Finishing updateGraphWorker: Project: /home/trungtin/Coding/angular-tour-of-heroes/tsconfig.json Version: 45 structureChanged: false Elapsed: 21ms
Info 164  [7:48:31.970] Different program with same set of files:: oldProgram.structureIsReused:: 2
Info 165  [7:48:32.357] Starting updateGraphWorker: Project: /home/trungtin/Coding/angular-tour-of-heroes/tsconfig.json
Info 166  [7:48:32.395] Finishing updateGraphWorker: Project: /home/trungtin/Coding/angular-tour-of-heroes/tsconfig.json Version: 46 structureChanged: false Elapsed: 38ms
Info 167  [7:48:32.395] Different program with same set of files:: oldProgram.structureIsReused:: 2
Info 168  [7:48:32.907] Starting updateGraphWorker: Project: /home/trungtin/Coding/angular-tour-of-heroes/tsconfig.json
Info 169  [7:48:32.967] Finishing updateGraphWorker: Project: /home/trungtin/Coding/angular-tour-of-heroes/tsconfig.json Version: 47 structureChanged: false Elapsed: 60ms
Info 170  [7:48:32.968] Different program with same set of files:: oldProgram.structureIsReused:: 2
Info 171  [7:48:33.228] Starting updateGraphWorker: Project: /home/trungtin/Coding/angular-tour-of-heroes/tsconfig.json
Info 172  [7:48:33.274] Finishing updateGraphWorker: Project: /home/trungtin/Coding/angular-tour-of-heroes/tsconfig.json Version: 48 structureChanged: false Elapsed: 46ms
Info 173  [7:48:33.274] Different program with same set of files:: oldProgram.structureIsReused:: 2
Info 174  [7:48:33.708] Starting updateGraphWorker: Project: /home/trungtin/Coding/angular-tour-of-heroes/tsconfig.json
Info 175  [7:48:33.760] Finishing updateGraphWorker: Project: /home/trungtin/Coding/angular-tour-of-heroes/tsconfig.json Version: 49 structureChanged: false Elapsed: 52ms
Info 176  [7:48:33.760] Different program with same set of files:: oldProgram.structureIsReused:: 2
Info 177  [7:48:33.787] Starting updateGraphWorker: Project: /home/trungtin/Coding/angular-tour-of-heroes/tsconfig.json
Info 178  [7:48:33.819] Finishing updateGraphWorker: Project: /home/trungtin/Coding/angular-tour-of-heroes/tsconfig.json Version: 50 structureChanged: false Elapsed: 32ms
Info 179  [7:48:33.819] Different program with same set of files:: oldProgram.structureIsReused:: 2
Info 180  [7:48:34.275] Starting updateGraphWorker: Project: /home/trungtin/Coding/angular-tour-of-heroes/tsconfig.json
Info 181  [7:48:34.312] Finishing updateGraphWorker: Project: /home/trungtin/Coding/angular-tour-of-heroes/tsconfig.json Version: 51 structureChanged: false Elapsed: 37ms
Info 182  [7:48:34.312] Different program with same set of files:: oldProgram.structureIsReused:: 2
Info 183  [7:48:34.479] Starting updateGraphWorker: Project: /home/trungtin/Coding/angular-tour-of-heroes/tsconfig.json
Info 184  [7:48:34.500] Finishing updateGraphWorker: Project: /home/trungtin/Coding/angular-tour-of-heroes/tsconfig.json Version: 52 structureChanged: false Elapsed: 21ms
Info 185  [7:48:34.501] Different program with same set of files:: oldProgram.structureIsReused:: 2
Info 186  [7:48:34.545] Starting updateGraphWorker: Project: /home/trungtin/Coding/angular-tour-of-heroes/tsconfig.json
Info 187  [7:48:34.579] Finishing updateGraphWorker: Project: /home/trungtin/Coding/angular-tour-of-heroes/tsconfig.json Version: 53 structureChanged: false Elapsed: 34ms
Info 188  [7:48:34.579] Different program with same set of files:: oldProgram.structureIsReused:: 2
Info 189  [7:48:34.697] Starting updateGraphWorker: Project: /home/trungtin/Coding/angular-tour-of-heroes/tsconfig.json
Info 190  [7:48:34.722] Finishing updateGraphWorker: Project: /home/trungtin/Coding/angular-tour-of-heroes/tsconfig.json Version: 54 structureChanged: false Elapsed: 25ms
Info 191  [7:48:34.722] Different program with same set of files:: oldProgram.structureIsReused:: 2
Info 192  [7:48:34.846] Starting updateGraphWorker: Project: /home/trungtin/Coding/angular-tour-of-heroes/tsconfig.json
Info 193  [7:48:34.869] Finishing updateGraphWorker: Project: /home/trungtin/Coding/angular-tour-of-heroes/tsconfig.json Version: 55 structureChanged: false Elapsed: 23ms
Info 194  [7:48:34.869] Different program with same set of files:: oldProgram.structureIsReused:: 2
Info 195  [7:48:35.446] Starting updateGraphWorker: Project: /home/trungtin/Coding/angular-tour-of-heroes/tsconfig.json
Info 196  [7:48:35.492] Finishing updateGraphWorker: Project: /home/trungtin/Coding/angular-tour-of-heroes/tsconfig.json Version: 56 structureChanged: false Elapsed: 46ms
Info 197  [7:48:35.492] Different program with same set of files:: oldProgram.structureIsReused:: 2
Info 198  [7:48:38.642] Starting updateGraphWorker: Project: /home/trungtin/Coding/angular-tour-of-heroes/tsconfig.json
Info 199  [7:48:38.684] Finishing updateGraphWorker: Project: /home/trungtin/Coding/angular-tour-of-heroes/tsconfig.json Version: 57 structureChanged: false Elapsed: 42ms
Info 200  [7:48:38.684] Different program with same set of files:: oldProgram.structureIsReused:: 2
Info 201  [7:48:53.582] Search path: /home/trungtin/Coding/angular-tour-of-heroes/node_modules/@angular/core
Info 202  [7:48:53.584] For info: /home/trungtin/Coding/angular-tour-of-heroes/node_modules/@angular/core/core.d.ts :: No config files found.
Info 203  [7:48:53.584] Starting updateGraphWorker: Project: /home/trungtin/Coding/angular-tour-of-heroes/tsconfig.json
Info 204  [7:48:53.988] Finishing updateGraphWorker: Project: /home/trungtin/Coding/angular-tour-of-heroes/tsconfig.json Version: 58 structureChanged: true Elapsed: 404ms
Info 205  [7:48:53.988] Different program with same set of files:: oldProgram.structureIsReused:: 0
Info 206  [7:48:54.8] Starting updateGraphWorker: Project: /dev/null/autoImportProviderProject1*
Info 207  [7:48:54.210] Finishing updateGraphWorker: Project: /dev/null/autoImportProviderProject1* Version: 2 structureChanged: true Elapsed: 202ms
Info 208  [7:48:54.210] Different program with same set of files:: oldProgram.structureIsReused:: 0
Info 209  [7:48:58.906] Starting updateGraphWorker: Project: /home/trungtin/Coding/angular-tour-of-heroes/tsconfig.json
Info 210  [7:48:59.121] Finishing updateGraphWorker: Project: /home/trungtin/Coding/angular-tour-of-heroes/tsconfig.json Version: 59 structureChanged: true Elapsed: 215ms
Info 211  [7:48:59.121] Different program with same set of files:: oldProgram.structureIsReused:: 0
Info 212  [7:49:0.25] Search path: /home/trungtin/Coding/angular-tour-of-heroes/node_modules/@angular/core
Info 213  [7:49:0.25] For info: /home/trungtin/Coding/angular-tour-of-heroes/node_modules/@angular/core/core.d.ts :: No config files found.
Info 214  [7:49:0.25] Starting updateGraphWorker: Project: /home/trungtin/Coding/angular-tour-of-heroes/tsconfig.json
Info 215  [7:49:0.231] Finishing updateGraphWorker: Project: /home/trungtin/Coding/angular-tour-of-heroes/tsconfig.json Version: 60 structureChanged: true Elapsed: 206ms
Info 216  [7:49:0.231] Different program with same set of files:: oldProgram.structureIsReused:: 0
Info 217  [7:49:0.244] Starting updateGraphWorker: Project: /dev/null/autoImportProviderProject1*
Info 218  [7:49:0.362] Finishing updateGraphWorker: Project: /dev/null/autoImportProviderProject1* Version: 3 structureChanged: true Elapsed: 118ms
Info 219  [7:49:0.362] Different program with same set of files:: oldProgram.structureIsReused:: 0
Info 220  [7:49:0.366] Starting updateGraphWorker: Project: /home/trungtin/Coding/angular-tour-of-heroes/tsconfig.json
Info 221  [7:49:0.514] Finishing updateGraphWorker: Project: /home/trungtin/Coding/angular-tour-of-heroes/tsconfig.json Version: 61 structureChanged: true Elapsed: 148ms
Info 222  [7:49:0.514] Different program with same set of files:: oldProgram.structureIsReused:: 0
Info 223  [7:49:58.666] Starting updateGraphWorker: Project: /home/trungtin/Coding/angular-tour-of-heroes/tsconfig.json
Info 224  [7:49:58.743] Finishing updateGraphWorker: Project: /home/trungtin/Coding/angular-tour-of-heroes/tsconfig.json Version: 62 structureChanged: false Elapsed: 77ms
Info 225  [7:49:58.743] Different program with same set of files:: oldProgram.structureIsReused:: 2
Info 226  [7:49:58.823] Starting updateGraphWorker: Project: /home/trungtin/Coding/angular-tour-of-heroes/tsconfig.json
Info 227  [7:49:58.851] Finishing updateGraphWorker: Project: /home/trungtin/Coding/angular-tour-of-heroes/tsconfig.json Version: 63 structureChanged: false Elapsed: 28ms
Info 228  [7:49:58.851] Different program with same set of files:: oldProgram.structureIsReused:: 2
Info 229  [7:49:59.140] Starting updateGraphWorker: Project: /home/trungtin/Coding/angular-tour-of-heroes/tsconfig.json
Info 230  [7:49:59.186] Finishing updateGraphWorker: Project: /home/trungtin/Coding/angular-tour-of-heroes/tsconfig.json Version: 64 structureChanged: false Elapsed: 46ms
Info 231  [7:49:59.186] Different program with same set of files:: oldProgram.structureIsReused:: 2
Info 232  [7:49:59.909] Starting updateGraphWorker: Project: /home/trungtin/Coding/angular-tour-of-heroes/tsconfig.json
Info 233  [7:49:59.966] Finishing updateGraphWorker: Project: /home/trungtin/Coding/angular-tour-of-heroes/tsconfig.json Version: 65 structureChanged: false Elapsed: 57ms
Info 234  [7:49:59.966] Different program with same set of files:: oldProgram.structureIsReused:: 2
Info 235  [7:49:59.994] Starting updateGraphWorker: Project: /home/trungtin/Coding/angular-tour-of-heroes/tsconfig.json
Info 236  [7:50:0.23] Finishing updateGraphWorker: Project: /home/trungtin/Coding/angular-tour-of-heroes/tsconfig.json Version: 66 structureChanged: false Elapsed: 29ms
Info 237  [7:50:0.23] Different program with same set of files:: oldProgram.structureIsReused:: 2
Info 238  [7:50:0.384] Starting updateGraphWorker: Project: /home/trungtin/Coding/angular-tour-of-heroes/tsconfig.json
Info 239  [7:50:0.450] Finishing updateGraphWorker: Project: /home/trungtin/Coding/angular-tour-of-heroes/tsconfig.json Version: 67 structureChanged: false Elapsed: 66ms
Info 240  [7:50:0.450] Different program with same set of files:: oldProgram.structureIsReused:: 2
Info 241  [7:50:0.671] Starting updateGraphWorker: Project: /home/trungtin/Coding/angular-tour-of-heroes/tsconfig.json
Info 242  [7:50:0.713] Finishing updateGraphWorker: Project: /home/trungtin/Coding/angular-tour-of-heroes/tsconfig.json Version: 68 structureChanged: false Elapsed: 42ms
Info 243  [7:50:0.713] Different program with same set of files:: oldProgram.structureIsReused:: 2
Info 244  [7:50:1.750] Starting updateGraphWorker: Project: /home/trungtin/Coding/angular-tour-of-heroes/tsconfig.json
Info 245  [7:50:1.797] Finishing updateGraphWorker: Project: /home/trungtin/Coding/angular-tour-of-heroes/tsconfig.json Version: 69 structureChanged: false Elapsed: 47ms
Info 246  [7:50:1.797] Different program with same set of files:: oldProgram.structureIsReused:: 2
Info 247  [7:50:2.879] Starting updateGraphWorker: Project: /home/trungtin/Coding/angular-tour-of-heroes/tsconfig.json
Info 248  [7:50:2.915] Finishing updateGraphWorker: Project: /home/trungtin/Coding/angular-tour-of-heroes/tsconfig.json Version: 70 structureChanged: false Elapsed: 36ms
Info 249  [7:50:2.915] Different program with same set of files:: oldProgram.structureIsReused:: 2
Info 250  [7:50:3.221] Starting updateGraphWorker: Project: /home/trungtin/Coding/angular-tour-of-heroes/tsconfig.json
Info 251  [7:50:3.277] Finishing updateGraphWorker: Project: /home/trungtin/Coding/angular-tour-of-heroes/tsconfig.json Version: 71 structureChanged: false Elapsed: 56ms
Info 252  [7:50:3.277] Different program with same set of files:: oldProgram.structureIsReused:: 2
Info 253  [7:50:3.943] Starting updateGraphWorker: Project: /home/trungtin/Coding/angular-tour-of-heroes/tsconfig.json
Info 254  [7:50:3.974] Finishing updateGraphWorker: Project: /home/trungtin/Coding/angular-tour-of-heroes/tsconfig.json Version: 72 structureChanged: false Elapsed: 31ms
Info 255  [7:50:3.974] Different program with same set of files:: oldProgram.structureIsReused:: 2
Info 256  [7:50:4.959] Starting updateGraphWorker: Project: /home/trungtin/Coding/angular-tour-of-heroes/tsconfig.json
Info 257  [7:50:5.3] Finishing updateGraphWorker: Project: /home/trungtin/Coding/angular-tour-of-heroes/tsconfig.json Version: 73 structureChanged: false Elapsed: 44ms
Info 258  [7:50:5.4] Different program with same set of files:: oldProgram.structureIsReused:: 2
Info 259  [7:50:9.818] Starting updateGraphWorker: Project: /home/trungtin/Coding/angular-tour-of-heroes/tsconfig.json
Info 260  [7:50:9.864] Finishing updateGraphWorker: Project: /home/trungtin/Coding/angular-tour-of-heroes/tsconfig.json Version: 74 structureChanged: false Elapsed: 46ms
Info 261  [7:50:9.864] Different program with same set of files:: oldProgram.structureIsReused:: 2
Info 262  [7:50:14.699] Starting updateGraphWorker: Project: /home/trungtin/Coding/angular-tour-of-heroes/tsconfig.json
Info 263  [7:50:14.747] Finishing updateGraphWorker: Project: /home/trungtin/Coding/angular-tour-of-heroes/tsconfig.json Version: 75 structureChanged: false Elapsed: 48ms
Info 264  [7:50:14.748] Different program with same set of files:: oldProgram.structureIsReused:: 2
Info 265  [7:50:15.695] Starting updateGraphWorker: Project: /home/trungtin/Coding/angular-tour-of-heroes/tsconfig.json
Info 266  [7:50:15.751] Finishing updateGraphWorker: Project: /home/trungtin/Coding/angular-tour-of-heroes/tsconfig.json Version: 76 structureChanged: false Elapsed: 56ms
Info 267  [7:50:15.751] Different program with same set of files:: oldProgram.structureIsReused:: 2
Info 268  [7:50:16.21] Starting updateGraphWorker: Project: /home/trungtin/Coding/angular-tour-of-heroes/tsconfig.json
Info 269  [7:50:16.44] Finishing updateGraphWorker: Project: /home/trungtin/Coding/angular-tour-of-heroes/tsconfig.json Version: 77 structureChanged: false Elapsed: 23ms
Info 270  [7:50:16.44] Different program with same set of files:: oldProgram.structureIsReused:: 2
Info 271  [7:50:16.309] Starting updateGraphWorker: Project: /home/trungtin/Coding/angular-tour-of-heroes/tsconfig.json
Info 272  [7:50:16.332] Finishing updateGraphWorker: Project: /home/trungtin/Coding/angular-tour-of-heroes/tsconfig.json Version: 78 structureChanged: false Elapsed: 23ms
Info 273  [7:50:16.332] Different program with same set of files:: oldProgram.structureIsReused:: 2
Info 274  [7:50:16.760] Starting updateGraphWorker: Project: /home/trungtin/Coding/angular-tour-of-heroes/tsconfig.json
Info 275  [7:50:16.811] Finishing updateGraphWorker: Project: /home/trungtin/Coding/angular-tour-of-heroes/tsconfig.json Version: 79 structureChanged: false Elapsed: 51ms
Info 276  [7:50:16.811] Different program with same set of files:: oldProgram.structureIsReused:: 2
Info 277  [7:50:17.129] Starting updateGraphWorker: Project: /home/trungtin/Coding/angular-tour-of-heroes/tsconfig.json
Info 278  [7:50:17.178] Finishing updateGraphWorker: Project: /home/trungtin/Coding/angular-tour-of-heroes/tsconfig.json Version: 80 structureChanged: false Elapsed: 49ms
Info 279  [7:50:17.178] Different program with same set of files:: oldProgram.structureIsReused:: 2
Info 280  [7:50:17.718] Starting updateGraphWorker: Project: /home/trungtin/Coding/angular-tour-of-heroes/tsconfig.json
Info 281  [7:50:17.765] Finishing updateGraphWorker: Project: /home/trungtin/Coding/angular-tour-of-heroes/tsconfig.json Version: 81 structureChanged: false Elapsed: 47ms
Info 282  [7:50:17.766] Different program with same set of files:: oldProgram.structureIsReused:: 2
Info 283  [7:50:17.789] Starting updateGraphWorker: Project: /home/trungtin/Coding/angular-tour-of-heroes/tsconfig.json
Info 284  [7:50:17.815] Finishing updateGraphWorker: Project: /home/trungtin/Coding/angular-tour-of-heroes/tsconfig.json Version: 82 structureChanged: false Elapsed: 26ms
Info 285  [7:50:17.815] Different program with same set of files:: oldProgram.structureIsReused:: 2
Info 286  [7:50:18.365] Starting updateGraphWorker: Project: /home/trungtin/Coding/angular-tour-of-heroes/tsconfig.json
Info 287  [7:50:18.404] Finishing updateGraphWorker: Project: /home/trungtin/Coding/angular-tour-of-heroes/tsconfig.json Version: 83 structureChanged: false Elapsed: 39ms
Info 288  [7:50:18.404] Different program with same set of files:: oldProgram.structureIsReused:: 2
Info 289  [7:50:19.35] Starting updateGraphWorker: Project: /home/trungtin/Coding/angular-tour-of-heroes/tsconfig.json
Info 290  [7:50:19.82] Finishing updateGraphWorker: Project: /home/trungtin/Coding/angular-tour-of-heroes/tsconfig.json Version: 84 structureChanged: false Elapsed: 47ms
Info 291  [7:50:19.82] Different program with same set of files:: oldProgram.structureIsReused:: 2
Info 292  [7:50:35.805] Starting updateGraphWorker: Project: /home/trungtin/Coding/angular-tour-of-heroes/tsconfig.json
Info 293  [7:50:35.855] Finishing updateGraphWorker: Project: /home/trungtin/Coding/angular-tour-of-heroes/tsconfig.json Version: 85 structureChanged: false Elapsed: 50ms
Info 294  [7:50:35.856] Different program with same set of files:: oldProgram.structureIsReused:: 2
Info 295  [7:50:50.307] Starting updateGraphWorker: Project: /home/trungtin/Coding/angular-tour-of-heroes/tsconfig.json
Info 296  [7:50:50.364] Finishing updateGraphWorker: Project: /home/trungtin/Coding/angular-tour-of-heroes/tsconfig.json Version: 86 structureChanged: false Elapsed: 57ms
Info 297  [7:50:50.364] Different program with same set of files:: oldProgram.structureIsReused:: 2
Info 298  [7:50:50.892] Starting updateGraphWorker: Project: /home/trungtin/Coding/angular-tour-of-heroes/tsconfig.json
Info 299  [7:50:50.924] Finishing updateGraphWorker: Project: /home/trungtin/Coding/angular-tour-of-heroes/tsconfig.json Version: 87 structureChanged: false Elapsed: 32ms
Info 300  [7:50:50.924] Different program with same set of files:: oldProgram.structureIsReused:: 2
Info 301  [7:50:51.526] Starting updateGraphWorker: Project: /home/trungtin/Coding/angular-tour-of-heroes/tsconfig.json
Info 302  [7:50:51.577] Finishing updateGraphWorker: Project: /home/trungtin/Coding/angular-tour-of-heroes/tsconfig.json Version: 88 structureChanged: false Elapsed: 51ms
Info 303  [7:50:51.577] Different program with same set of files:: oldProgram.structureIsReused:: 2
Info 304  [7:50:54.415] Starting updateGraphWorker: Project: /home/trungtin/Coding/angular-tour-of-heroes/tsconfig.json
Info 305  [7:50:54.455] Finishing updateGraphWorker: Project: /home/trungtin/Coding/angular-tour-of-heroes/tsconfig.json Version: 89 structureChanged: false Elapsed: 40ms
Info 306  [7:50:54.456] Different program with same set of files:: oldProgram.structureIsReused:: 2
Info 307  [7:50:54.709] Starting updateGraphWorker: Project: /home/trungtin/Coding/angular-tour-of-heroes/tsconfig.json
Info 308  [7:50:54.741] Finishing updateGraphWorker: Project: /home/trungtin/Coding/angular-tour-of-heroes/tsconfig.json Version: 90 structureChanged: false Elapsed: 32ms
Info 309  [7:50:54.741] Different program with same set of files:: oldProgram.structureIsReused:: 2
Info 310  [7:50:55.772] Starting updateGraphWorker: Project: /home/trungtin/Coding/angular-tour-of-heroes/tsconfig.json
Info 311  [7:50:55.791] Finishing updateGraphWorker: Project: /home/trungtin/Coding/angular-tour-of-heroes/tsconfig.json Version: 91 structureChanged: false Elapsed: 19ms
Info 312  [7:50:55.791] Different program with same set of files:: oldProgram.structureIsReused:: 2
Info 313  [7:50:56.529] Starting updateGraphWorker: Project: /home/trungtin/Coding/angular-tour-of-heroes/tsconfig.json
Info 314  [7:50:56.570] Finishing updateGraphWorker: Project: /home/trungtin/Coding/angular-tour-of-heroes/tsconfig.json Version: 92 structureChanged: false Elapsed: 41ms
Info 315  [7:50:56.571] Different program with same set of files:: oldProgram.structureIsReused:: 2
Info 316  [7:50:56.694] Starting updateGraphWorker: Project: /home/trungtin/Coding/angular-tour-of-heroes/tsconfig.json
Info 317  [7:50:56.724] Finishing updateGraphWorker: Project: /home/trungtin/Coding/angular-tour-of-heroes/tsconfig.json Version: 93 structureChanged: false Elapsed: 30ms
Info 318  [7:50:56.724] Different program with same set of files:: oldProgram.structureIsReused:: 2
Info 319  [7:50:56.959] Starting updateGraphWorker: Project: /home/trungtin/Coding/angular-tour-of-heroes/tsconfig.json
Info 320  [7:50:56.988] Finishing updateGraphWorker: Project: /home/trungtin/Coding/angular-tour-of-heroes/tsconfig.json Version: 94 structureChanged: false Elapsed: 29ms
Info 321  [7:50:56.988] Different program with same set of files:: oldProgram.structureIsReused:: 2
Info 322  [7:50:57.301] Starting updateGraphWorker: Project: /home/trungtin/Coding/angular-tour-of-heroes/tsconfig.json
Info 323  [7:50:57.331] Finishing updateGraphWorker: Project: /home/trungtin/Coding/angular-tour-of-heroes/tsconfig.json Version: 95 structureChanged: false Elapsed: 30ms
Info 324  [7:50:57.331] Different program with same set of files:: oldProgram.structureIsReused:: 2
Info 325  [7:50:57.614] Starting updateGraphWorker: Project: /home/trungtin/Coding/angular-tour-of-heroes/tsconfig.json
Info 326  [7:50:57.656] Finishing updateGraphWorker: Project: /home/trungtin/Coding/angular-tour-of-heroes/tsconfig.json Version: 96 structureChanged: false Elapsed: 42ms
Info 327  [7:50:57.656] Different program with same set of files:: oldProgram.structureIsReused:: 2
Info 328  [7:50:58.301] Starting updateGraphWorker: Project: /home/trungtin/Coding/angular-tour-of-heroes/tsconfig.json
Info 329  [7:50:58.327] Finishing updateGraphWorker: Project: /home/trungtin/Coding/angular-tour-of-heroes/tsconfig.json Version: 97 structureChanged: false Elapsed: 26ms
Info 330  [7:50:58.327] Different program with same set of files:: oldProgram.structureIsReused:: 2
Info 331  [7:50:58.533] Starting updateGraphWorker: Project: /home/trungtin/Coding/angular-tour-of-heroes/tsconfig.json
Info 332  [7:50:58.559] Finishing updateGraphWorker: Project: /home/trungtin/Coding/angular-tour-of-heroes/tsconfig.json Version: 98 structureChanged: false Elapsed: 25ms
Info 333  [7:50:58.559] Different program with same set of files:: oldProgram.structureIsReused:: 2
Info 334  [7:50:59.185] Starting updateGraphWorker: Project: /home/trungtin/Coding/angular-tour-of-heroes/tsconfig.json
Info 335  [7:50:59.223] Finishing updateGraphWorker: Project: /home/trungtin/Coding/angular-tour-of-heroes/tsconfig.json Version: 99 structureChanged: false Elapsed: 38ms
Info 336  [7:50:59.223] Different program with same set of files:: oldProgram.structureIsReused:: 2
Info 337  [7:51:0.225] Starting updateGraphWorker: Project: /home/trungtin/Coding/angular-tour-of-heroes/tsconfig.json
Info 338  [7:51:0.243] Finishing updateGraphWorker: Project: /home/trungtin/Coding/angular-tour-of-heroes/tsconfig.json Version: 100 structureChanged: false Elapsed: 18ms
Info 339  [7:51:0.243] Different program with same set of files:: oldProgram.structureIsReused:: 2
Info 340  [7:51:0.463] Starting updateGraphWorker: Project: /home/trungtin/Coding/angular-tour-of-heroes/tsconfig.json
Info 341  [7:51:0.481] Finishing updateGraphWorker: Project: /home/trungtin/Coding/angular-tour-of-heroes/tsconfig.json Version: 101 structureChanged: false Elapsed: 18ms
Info 342  [7:51:0.481] Different program with same set of files:: oldProgram.structureIsReused:: 2
Info 343  [7:51:1.393] Starting updateGraphWorker: Project: /home/trungtin/Coding/angular-tour-of-heroes/tsconfig.json
Info 344  [7:51:1.433] Finishing updateGraphWorker: Project: /home/trungtin/Coding/angular-tour-of-heroes/tsconfig.json Version: 102 structureChanged: false Elapsed: 40ms
Info 345  [7:51:1.433] Different program with same set of files:: oldProgram.structureIsReused:: 2
Info 346  [7:51:2.18] Starting updateGraphWorker: Project: /home/trungtin/Coding/angular-tour-of-heroes/tsconfig.json
Info 347  [7:51:2.40] Finishing updateGraphWorker: Project: /home/trungtin/Coding/angular-tour-of-heroes/tsconfig.json Version: 103 structureChanged: false Elapsed: 22ms
Info 348  [7:51:2.40] Different program with same set of files:: oldProgram.structureIsReused:: 2
Info 349  [7:51:2.522] Starting updateGraphWorker: Project: /home/trungtin/Coding/angular-tour-of-heroes/tsconfig.json
Info 350  [7:51:2.565] Finishing updateGraphWorker: Project: /home/trungtin/Coding/angular-tour-of-heroes/tsconfig.json Version: 104 structureChanged: false Elapsed: 42ms
Info 351  [7:51:2.565] Different program with same set of files:: oldProgram.structureIsReused:: 2
Info 352  [7:51:2.796] Starting updateGraphWorker: Project: /home/trungtin/Coding/angular-tour-of-heroes/tsconfig.json
Info 353  [7:51:2.837] Finishing updateGraphWorker: Project: /home/trungtin/Coding/angular-tour-of-heroes/tsconfig.json Version: 105 structureChanged: false Elapsed: 41ms
Info 354  [7:51:2.837] Different program with same set of files:: oldProgram.structureIsReused:: 2
Info 355  [7:51:3.906] Starting updateGraphWorker: Project: /home/trungtin/Coding/angular-tour-of-heroes/tsconfig.json
Info 356  [7:51:3.949] Finishing updateGraphWorker: Project: /home/trungtin/Coding/angular-tour-of-heroes/tsconfig.json Version: 106 structureChanged: false Elapsed: 43ms
Info 357  [7:51:3.949] Different program with same set of files:: oldProgram.structureIsReused:: 2
Info 358  [7:51:4.811] Starting updateGraphWorker: Project: /home/trungtin/Coding/angular-tour-of-heroes/tsconfig.json
Info 359  [7:51:4.868] Finishing updateGraphWorker: Project: /home/trungtin/Coding/angular-tour-of-heroes/tsconfig.json Version: 107 structureChanged: false Elapsed: 57ms
Info 360  [7:51:4.868] Different program with same set of files:: oldProgram.structureIsReused:: 2
Info 361  [7:51:5.368] Starting updateGraphWorker: Project: /home/trungtin/Coding/angular-tour-of-heroes/tsconfig.json
Info 362  [7:51:5.409] Finishing updateGraphWorker: Project: /home/trungtin/Coding/angular-tour-of-heroes/tsconfig.json Version: 108 structureChanged: false Elapsed: 41ms
Info 363  [7:51:5.409] Different program with same set of files:: oldProgram.structureIsReused:: 2
Info 364  [7:51:5.496] Starting updateGraphWorker: Project: /home/trungtin/Coding/angular-tour-of-heroes/tsconfig.json
Info 365  [7:51:5.570] Finishing updateGraphWorker: Project: /home/trungtin/Coding/angular-tour-of-heroes/tsconfig.json Version: 109 structureChanged: true Elapsed: 74ms
Info 366  [7:51:5.570] Different program with same set of files:: oldProgram.structureIsReused:: 1
Info 367  [7:51:5.661] Starting updateGraphWorker: Project: /home/trungtin/Coding/angular-tour-of-heroes/tsconfig.json
Info 368  [7:51:5.729] Finishing updateGraphWorker: Project: /home/trungtin/Coding/angular-tour-of-heroes/tsconfig.json Version: 110 structureChanged: true Elapsed: 68ms
Info 369  [7:51:5.729] Different program with same set of files:: oldProgram.structureIsReused:: 1
Info 370  [7:51:6.167] Starting updateGraphWorker: Project: /home/trungtin/Coding/angular-tour-of-heroes/tsconfig.json
Info 371  [7:51:6.284] Finishing updateGraphWorker: Project: /home/trungtin/Coding/angular-tour-of-heroes/tsconfig.json Version: 111 structureChanged: true Elapsed: 117ms
Info 372  [7:51:6.284] Different program with same set of files:: oldProgram.structureIsReused:: 1
Info 373  [7:51:7.39] Starting updateGraphWorker: Project: /home/trungtin/Coding/angular-tour-of-heroes/tsconfig.json
Info 374  [7:51:7.108] Finishing updateGraphWorker: Project: /home/trungtin/Coding/angular-tour-of-heroes/tsconfig.json Version: 112 structureChanged: true Elapsed: 68ms
Info 375  [7:51:7.108] Different program with same set of files:: oldProgram.structureIsReused:: 1
Info 376  [7:51:7.568] Starting updateGraphWorker: Project: /home/trungtin/Coding/angular-tour-of-heroes/tsconfig.json
Info 377  [7:51:7.645] Finishing updateGraphWorker: Project: /home/trungtin/Coding/angular-tour-of-heroes/tsconfig.json Version: 113 structureChanged: true Elapsed: 77ms
Info 378  [7:51:7.645] Different program with same set of files:: oldProgram.structureIsReused:: 1
Info 379  [7:51:7.874] Starting updateGraphWorker: Project: /home/trungtin/Coding/angular-tour-of-heroes/tsconfig.json
Info 380  [7:51:7.922] Finishing updateGraphWorker: Project: /home/trungtin/Coding/angular-tour-of-heroes/tsconfig.json Version: 114 structureChanged: true Elapsed: 48ms
Info 381  [7:51:7.922] Different program with same set of files:: oldProgram.structureIsReused:: 1
Info 382  [7:51:8.514] Starting updateGraphWorker: Project: /home/trungtin/Coding/angular-tour-of-heroes/tsconfig.json
Info 383  [7:51:8.585] Finishing updateGraphWorker: Project: /home/trungtin/Coding/angular-tour-of-heroes/tsconfig.json Version: 115 structureChanged: true Elapsed: 71ms
Info 384  [7:51:8.585] Different program with same set of files:: oldProgram.structureIsReused:: 1
Info 385  [7:51:11.620] Starting updateGraphWorker: Project: /home/trungtin/Coding/angular-tour-of-heroes/tsconfig.json
Info 386  [7:51:11.661] Finishing updateGraphWorker: Project: /home/trungtin/Coding/angular-tour-of-heroes/tsconfig.json Version: 116 structureChanged: false Elapsed: 41ms
Info 387  [7:51:11.662] Different program with same set of files:: oldProgram.structureIsReused:: 2
Info 388  [7:51:11.985] Starting updateGraphWorker: Project: /home/trungtin/Coding/angular-tour-of-heroes/tsconfig.json
Info 389  [7:51:12.33] Finishing updateGraphWorker: Project: /home/trungtin/Coding/angular-tour-of-heroes/tsconfig.json Version: 117 structureChanged: false Elapsed: 48ms
Info 390  [7:51:12.33] Different program with same set of files:: oldProgram.structureIsReused:: 2
Info 391  [7:51:12.701] Starting updateGraphWorker: Project: /home/trungtin/Coding/angular-tour-of-heroes/tsconfig.json
Info 392  [7:51:12.723] Finishing updateGraphWorker: Project: /home/trungtin/Coding/angular-tour-of-heroes/tsconfig.json Version: 118 structureChanged: false Elapsed: 21ms
Info 393  [7:51:12.723] Different program with same set of files:: oldProgram.structureIsReused:: 2
Info 394  [7:51:13.23] Starting updateGraphWorker: Project: /home/trungtin/Coding/angular-tour-of-heroes/tsconfig.json
Info 395  [7:51:13.63] Finishing updateGraphWorker: Project: /home/trungtin/Coding/angular-tour-of-heroes/tsconfig.json Version: 119 structureChanged: false Elapsed: 40ms
Info 396  [7:51:13.63] Different program with same set of files:: oldProgram.structureIsReused:: 2
Info 397  [7:51:17.45] Starting updateGraphWorker: Project: /home/trungtin/Coding/angular-tour-of-heroes/tsconfig.json
Info 398  [7:51:17.90] Finishing updateGraphWorker: Project: /home/trungtin/Coding/angular-tour-of-heroes/tsconfig.json Version: 120 structureChanged: false Elapsed: 45ms
Info 399  [7:51:17.90] Different program with same set of files:: oldProgram.structureIsReused:: 2
Info 400  [7:51:19.482] Starting updateGraphWorker: Project: /home/trungtin/Coding/angular-tour-of-heroes/tsconfig.json
Info 401  [7:51:19.519] Finishing updateGraphWorker: Project: /home/trungtin/Coding/angular-tour-of-heroes/tsconfig.json Version: 121 structureChanged: false Elapsed: 37ms
Info 402  [7:51:19.519] Different program with same set of files:: oldProgram.structureIsReused:: 2
Info 403  [7:51:24.245] Starting updateGraphWorker: Project: /home/trungtin/Coding/angular-tour-of-heroes/tsconfig.json
Info 404  [7:51:24.292] Finishing updateGraphWorker: Project: /home/trungtin/Coding/angular-tour-of-heroes/tsconfig.json Version: 122 structureChanged: false Elapsed: 46ms
Info 405  [7:51:24.292] Different program with same set of files:: oldProgram.structureIsReused:: 2
Info 406  [7:51:50.448] Starting updateGraphWorker: Project: /home/trungtin/Coding/angular-tour-of-heroes/tsconfig.json
Info 407  [7:51:50.500] Finishing updateGraphWorker: Project: /home/trungtin/Coding/angular-tour-of-heroes/tsconfig.json Version: 123 structureChanged: false Elapsed: 51ms
Info 408  [7:51:50.500] Different program with same set of files:: oldProgram.structureIsReused:: 2
